Using pre-set license

 COMMAND LINE ARGUMENTS:
/Applications/Unity/Hub/Editor/2020.3.9f1/Unity.app/Contents/MacOS/Unity
-adb2
-batchMode
-noUpm
-name
AssetImportWorker0
-projectPath
/Users/ayxanagayev/Desktop/GitHubProjects/14.06.2022/14.06.2022
-logFile
Logs/AssetImportWorker0.log
-srvPort
52278
Successfully changed project path to: /Users/ayxanagayev/Desktop/GitHubProjects/14.06.2022/14.06.2022
/Users/ayxanagayev/Desktop/GitHubProjects/14.06.2022/14.06.2022
Using Asset Import Pipeline V2.
Refreshing native plugins compatible for Editor in 34.06 ms, found 2 plugins.
Preloading 0 native plugins for Editor in 0.00 ms.
Initialize engine version: 2020.3.9f1 (108be757e447)
[Subsystems] Discovering subsystems at path /Applications/Unity/Hub/Editor/2020.3.9f1/Unity.app/Contents/Resources/UnitySubsystems
[Subsystems] Discovering subsystems at path /Users/ayxanagayev/Desktop/GitHubProjects/14.06.2022/14.06.2022/Assets
GfxDevice: creating device client; threaded=0
2022-06-14 20:06:11.169 Unity[9181:410750] (null) preferred device: Apple M1 (high power)
2022-06-14 20:06:11.169 Unity[9181:410750] Metal devices available: 1
2022-06-14 20:06:11.169 Unity[9181:410750] 0: Apple M1 (high power)
2022-06-14 20:06:11.169 Unity[9181:410750] Using device Apple M1 (high power)
Initializing Metal device caps: Apple M1
Initialize mono
Mono path[0] = '/Applications/Unity/Hub/Editor/2020.3.9f1/Unity.app/Contents/Managed'
Mono path[1] = '/Applications/Unity/Hub/Editor/2020.3.9f1/Unity.app/Contents/MonoBleedingEdge/lib/mono/unityjit'
Mono config path = '/Applications/Unity/Hub/Editor/2020.3.9f1/Unity.app/Contents/MonoBleedingEdge/etc'
Using monoOptions --debugger-agent=transport=dt_socket,embedding=1,server=y,suspend=n,address=127.0.0.1:56181
Begin MonoManager ReloadAssembly
Registering precompiled unity dll's ...
Register platform support module: /Applications/Unity/Hub/Editor/2020.3.9f1/PlaybackEngines/WebGLSupport/UnityEditor.WebGL.Extensions.dll
Register platform support module: /Applications/Unity/Hub/Editor/2020.3.9f1/Unity.app/Contents/PlaybackEngines/MacStandaloneSupport/UnityEditor.OSXStandalone.Extensions.dll
Register platform support module: /Applications/Unity/Hub/Editor/2020.3.9f1/PlaybackEngines/WindowsStandaloneSupport/UnityEditor.WindowsStandalone.Extensions.dll
Registered in 0.001532 seconds.
Native extension for WindowsStandalone target not found
Native extension for OSXStandalone target not found
Native extension for WebGL target not found
Refreshing native plugins compatible for Editor in 36.25 ms, found 2 plugins.
Preloading 0 native plugins for Editor in 0.00 ms.
Mono: successfully reloaded assembly
- Completed reload, in  3.821 seconds
Platform modules already initialized, skipping
Registering precompiled user dll's ...
Registered in 0.000873 seconds.
Begin MonoManager ReloadAssembly
Native extension for WindowsStandalone target not found
Native extension for OSXStandalone target not found
Native extension for WebGL target not found
Refreshing native plugins compatible for Editor in 33.70 ms, found 2 plugins.
Preloading 0 native plugins for Editor in 0.00 ms.
Mono: successfully reloaded assembly
- Completed reload, in  1.856 seconds
Platform modules already initialized, skipping
========================================================================
Worker process is ready to serve import requests
Launching external process: /Applications/Unity/Hub/Editor/2020.3.9f1/Unity.app/Contents/Tools/UnityShaderCompiler
Launched and connected shader compiler UnityShaderCompiler after 0.03 seconds
Refreshing native plugins compatible for Editor in 0.31 ms, found 2 plugins.
Preloading 0 native plugins for Editor in 0.00 ms.
Unloading 1809 Unused Serialized files (Serialized files now loaded: 0)
System memory in use before: 151.0 MB.
System memory in use after: 151.0 MB.

Unloading 24 unused Assets to reduce memory usage. Loaded Objects now: 2251.
Total: 1.497416 ms (FindLiveObjects: 0.113666 ms CreateObjectMapping: 0.035667 ms MarkObjects: 1.232333 ms  DeleteObjects: 0.114959 ms)

========================================================================
Received Import Request.
  path: Assets/PlayerMovement.cs
  artifactKey: Guid(3c8175d10f47f43fb88828c85cf3372d) Importer(815301076,1909f56bfc062723c751e8b465ee728b)
Start importing Assets/PlayerMovement.cs using Guid(3c8175d10f47f43fb88828c85cf3372d) Importer(815301076,1909f56bfc062723c751e8b465ee728b)  -> (artifact id: '843ef0bfe1836f4c53e759a5f10b557e') in 0.225159 seconds
  Import took 0.228160 seconds .

========================================================================
Received Prepare
Registering precompiled user dll's ...
Registered in 0.000714 seconds.
Begin MonoManager ReloadAssembly
Native extension for WindowsStandalone target not found
Native extension for OSXStandalone target not found
Native extension for WebGL target not found
Refreshing native plugins compatible for Editor in 0.32 ms, found 2 plugins.
Preloading 0 native plugins for Editor in 0.00 ms.
Mono: successfully reloaded assembly
- Completed reload, in  1.778 seconds
Platform modules already initialized, skipping
Refreshing native plugins compatible for Editor in 0.50 ms, found 2 plugins.
Preloading 0 native plugins for Editor in 0.00 ms.
Unloading 1804 Unused Serialized files (Serialized files now loaded: 0)
System memory in use before: 155.3 MB.
System memory in use after: 155.3 MB.

Unloading 12 unused Assets to reduce memory usage. Loaded Objects now: 2255.
Total: 3.001500 ms (FindLiveObjects: 0.158292 ms CreateObjectMapping: 0.035292 ms MarkObjects: 2.704791 ms  DeleteObjects: 0.102083 ms)

========================================================================
Received Import Request.
  Time since last request: 3944.676938 seconds.
  path: Assets/Animations
  artifactKey: Guid(bc8c293614f9b4e97a787a58d25e5292) Importer(815301076,1909f56bfc062723c751e8b465ee728b)
Start importing Assets/Animations using Guid(bc8c293614f9b4e97a787a58d25e5292) Importer(815301076,1909f56bfc062723c751e8b465ee728b)  -> (artifact id: 'd8d0f22c03b3b3772a11a2b33da49478') in 0.029874 seconds
  Import took 0.045106 seconds .

========================================================================
Received Import Request.
  Time since last request: 55.931942 seconds.
  path: Assets/Animations/roll.anim
  artifactKey: Guid(104b5dec037a648b6a2477a1d89cc38c) Importer(815301076,1909f56bfc062723c751e8b465ee728b)
Start importing Assets/Animations/roll.anim using Guid(104b5dec037a648b6a2477a1d89cc38c) Importer(815301076,1909f56bfc062723c751e8b465ee728b)  -> (artifact id: 'ef0ed67c16b91c6d8ed3f008fa6f765b') in 0.693255 seconds
  Import took 0.697405 seconds .

