Using pre-set license

 COMMAND LINE ARGUMENTS:
/Applications/Unity/Hub/Editor/2020.3.9f1/Unity.app/Contents/MacOS/Unity
-adb2
-batchMode
-noUpm
-name
AssetImportWorker0
-projectPath
/Users/ayxanagayev/Desktop/GitHubProjects/14.06.2022/16.06.2022
-logFile
Logs/AssetImportWorker0.log
-srvPort
50174
Successfully changed project path to: /Users/ayxanagayev/Desktop/GitHubProjects/14.06.2022/16.06.2022
/Users/ayxanagayev/Desktop/GitHubProjects/14.06.2022/16.06.2022
Using Asset Import Pipeline V2.
Refreshing native plugins compatible for Editor in 21.37 ms, found 1 plugins.
Preloading 0 native plugins for Editor in 0.00 ms.
Initialize engine version: 2020.3.9f1 (108be757e447)
[Subsystems] Discovering subsystems at path /Applications/Unity/Hub/Editor/2020.3.9f1/Unity.app/Contents/Resources/UnitySubsystems
[Subsystems] Discovering subsystems at path /Users/ayxanagayev/Desktop/GitHubProjects/14.06.2022/16.06.2022/Assets
GfxDevice: creating device client; threaded=0
2022-06-18 17:19:14.671 Unity[3343:121630] (null) preferred device: Apple M1 (high power)
2022-06-18 17:19:14.671 Unity[3343:121630] Metal devices available: 1
2022-06-18 17:19:14.671 Unity[3343:121630] 0: Apple M1 (high power)
2022-06-18 17:19:14.671 Unity[3343:121630] Using device Apple M1 (high power)
Initializing Metal device caps: Apple M1
Initialize mono
Mono path[0] = '/Applications/Unity/Hub/Editor/2020.3.9f1/Unity.app/Contents/Managed'
Mono path[1] = '/Applications/Unity/Hub/Editor/2020.3.9f1/Unity.app/Contents/MonoBleedingEdge/lib/mono/unityjit'
Mono config path = '/Applications/Unity/Hub/Editor/2020.3.9f1/Unity.app/Contents/MonoBleedingEdge/etc'
Using monoOptions --debugger-agent=transport=dt_socket,embedding=1,server=y,suspend=n,address=127.0.0.1:56343
Begin MonoManager ReloadAssembly
Registering precompiled unity dll's ...
Register platform support module: /Applications/Unity/Hub/Editor/2020.3.9f1/PlaybackEngines/WebGLSupport/UnityEditor.WebGL.Extensions.dll
Register platform support module: /Applications/Unity/Hub/Editor/2020.3.9f1/Unity.app/Contents/PlaybackEngines/MacStandaloneSupport/UnityEditor.OSXStandalone.Extensions.dll
Register platform support module: /Applications/Unity/Hub/Editor/2020.3.9f1/PlaybackEngines/WindowsStandaloneSupport/UnityEditor.WindowsStandalone.Extensions.dll
Registered in 0.002533 seconds.
Native extension for WindowsStandalone target not found
Native extension for OSXStandalone target not found
Native extension for WebGL target not found
Refreshing native plugins compatible for Editor in 22.17 ms, found 1 plugins.
Preloading 0 native plugins for Editor in 0.00 ms.
Mono: successfully reloaded assembly
- Completed reload, in  3.724 seconds
Platform modules already initialized, skipping
Registering precompiled user dll's ...
Registered in 0.001294 seconds.
Begin MonoManager ReloadAssembly
Native extension for WindowsStandalone target not found
Native extension for OSXStandalone target not found
Native extension for WebGL target not found
Refreshing native plugins compatible for Editor in 0.17 ms, found 1 plugins.
Preloading 0 native plugins for Editor in 0.00 ms.
Mono: successfully reloaded assembly
- Completed reload, in  1.577 seconds
Platform modules already initialized, skipping
========================================================================
Worker process is ready to serve import requests
Launching external process: /Applications/Unity/Hub/Editor/2020.3.9f1/Unity.app/Contents/Tools/UnityShaderCompiler
Launched and connected shader compiler UnityShaderCompiler after 0.03 seconds
Refreshing native plugins compatible for Editor in 0.17 ms, found 1 plugins.
Preloading 0 native plugins for Editor in 0.00 ms.
Unloading 1116 Unused Serialized files (Serialized files now loaded: 0)
System memory in use before: 116.2 MB.
System memory in use after: 116.3 MB.

Unloading 10 unused Assets to reduce memory usage. Loaded Objects now: 1558.
Total: 1.180417 ms (FindLiveObjects: 0.076791 ms CreateObjectMapping: 0.022292 ms MarkObjects: 1.012333 ms  DeleteObjects: 0.068208 ms)

========================================================================
Received Import Request.
  path: Assets/Animation template/Animations&controls/ybotSword_And_Shield_Slash.fbx
  artifactKey: Guid(a660f0da34b1a4f01a5c5a0645668712) Importer(815301076,1909f56bfc062723c751e8b465ee728b)
Start importing Assets/Animation template/Animations&controls/ybotSword_And_Shield_Slash.fbx using Guid(a660f0da34b1a4f01a5c5a0645668712) Importer(815301076,1909f56bfc062723c751e8b465ee728b)  -> (artifact id: '5c489cf7c7d90fa7a29c1a8491d2a95b') in 0.685131 seconds
  Import took 0.687050 seconds .

========================================================================
Received Import Request.
  Time since last request: 19.711269 seconds.
  path: Assets/Animation template/Animations&controls/ybotSword_And_Shield_Slash.fbx
  artifactKey: Guid(a660f0da34b1a4f01a5c5a0645668712) Importer(815301076,1909f56bfc062723c751e8b465ee728b)
Start importing Assets/Animation template/Animations&controls/ybotSword_And_Shield_Slash.fbx using Guid(a660f0da34b1a4f01a5c5a0645668712) Importer(815301076,1909f56bfc062723c751e8b465ee728b)  -> (artifact id: '75d5909e2b5d6423c32fa402dcc320b6') in 0.005590 seconds
  Import took 0.007338 seconds .

========================================================================
Received Import Request.
  Time since last request: 86.574028 seconds.
  path: Assets/Animation template/Animations&controls/PlayerActionAvatarMask.mask
  artifactKey: Guid(ec02fdb722ccb43e1916e54024b1a889) Importer(815301076,1909f56bfc062723c751e8b465ee728b)
Start importing Assets/Animation template/Animations&controls/PlayerActionAvatarMask.mask using Guid(ec02fdb722ccb43e1916e54024b1a889) Importer(815301076,1909f56bfc062723c751e8b465ee728b)  -> (artifact id: '461946d09bce6d15f51c997db9ea399a') in 0.075486 seconds
  Import took 0.093844 seconds .

========================================================================
Received Import Request.
  Time since last request: 256.228200 seconds.
  path: Assets/Animation template/Animations&controls/ControllerwithBlend.controller
  artifactKey: Guid(24c2007c2108f44a8a7f85b53170a8f3) Importer(815301076,1909f56bfc062723c751e8b465ee728b)
Start importing Assets/Animation template/Animations&controls/ControllerwithBlend.controller using Guid(24c2007c2108f44a8a7f85b53170a8f3) Importer(815301076,1909f56bfc062723c751e8b465ee728b)  -> (artifact id: 'c94a59d4493ead295487332a8978b701') in 0.068183 seconds
  Import took 0.070484 seconds .

========================================================================
Received Import Request.
  Time since last request: 112.568213 seconds.
  path: Assets/Animation template/Animations&controls/ybot@Sword_And_Shield_Slash.fbx
  artifactKey: Guid(a660f0da34b1a4f01a5c5a0645668712) Importer(815301076,1909f56bfc062723c751e8b465ee728b)
Start importing Assets/Animation template/Animations&controls/ybot@Sword_And_Shield_Slash.fbx using Guid(a660f0da34b1a4f01a5c5a0645668712) Importer(815301076,1909f56bfc062723c751e8b465ee728b)  -> (artifact id: '478064d136160c02b5aed5a87bcda1d7') in 0.020756 seconds
  Import took 0.022530 seconds .

========================================================================
Received Import Request.
  Time since last request: 32.676657 seconds.
  path: Assets/Animation template/Animations&controls/ybot@Sword_And_Shield_Slash.fbx
  artifactKey: Guid(a660f0da34b1a4f01a5c5a0645668712) Importer(815301076,1909f56bfc062723c751e8b465ee728b)
Start importing Assets/Animation template/Animations&controls/ybot@Sword_And_Shield_Slash.fbx using Guid(a660f0da34b1a4f01a5c5a0645668712) Importer(815301076,1909f56bfc062723c751e8b465ee728b)  -> (artifact id: 'c5921eb3b557afd451428d8a12c1bcd6') in 0.005403 seconds
  Import took 0.007271 seconds .

========================================================================
Received Import Request.
  Time since last request: 71.816887 seconds.
  path: Assets/Animation template/Animations&controls/ybot@Sword_And_Shield_Slash.fbx
  artifactKey: Guid(a660f0da34b1a4f01a5c5a0645668712) Importer(815301076,1909f56bfc062723c751e8b465ee728b)
Start importing Assets/Animation template/Animations&controls/ybot@Sword_And_Shield_Slash.fbx using Guid(a660f0da34b1a4f01a5c5a0645668712) Importer(815301076,1909f56bfc062723c751e8b465ee728b)  -> (artifact id: '14e3062b38aa70bf548d960a621c45b1') in 0.037043 seconds
  Import took 0.042730 seconds .

========================================================================
Received Prepare
Registering precompiled user dll's ...
Registered in 0.000317 seconds.
Begin MonoManager ReloadAssembly
Native extension for WindowsStandalone target not found
Native extension for OSXStandalone target not found
Native extension for WebGL target not found
Refreshing native plugins compatible for Editor in 0.18 ms, found 1 plugins.
Preloading 0 native plugins for Editor in 0.00 ms.
Mono: successfully reloaded assembly
- Completed reload, in  1.565 seconds
Platform modules already initialized, skipping
Refreshing native plugins compatible for Editor in 0.23 ms, found 1 plugins.
Preloading 0 native plugins for Editor in 0.00 ms.
Unloading 1111 Unused Serialized files (Serialized files now loaded: 0)
System memory in use before: 129.0 MB.
System memory in use after: 129.0 MB.

Unloading 5 unused Assets to reduce memory usage. Loaded Objects now: 1561.
Total: 1.143750 ms (FindLiveObjects: 0.090208 ms CreateObjectMapping: 0.023542 ms MarkObjects: 0.975792 ms  DeleteObjects: 0.053375 ms)

========================================================================
Received Import Request.
  Time since last request: 78.175179 seconds.
  path: Assets/Animation template/Animations&controls/ybot@Sword_And_Shield_Slash.fbx
  artifactKey: Guid(a660f0da34b1a4f01a5c5a0645668712) Importer(815301076,1909f56bfc062723c751e8b465ee728b)
Start importing Assets/Animation template/Animations&controls/ybot@Sword_And_Shield_Slash.fbx using Guid(a660f0da34b1a4f01a5c5a0645668712) Importer(815301076,1909f56bfc062723c751e8b465ee728b)  -> (artifact id: 'b966da5d744fd51f605bf6e0c1828340') in 0.055676 seconds
  Import took 0.057185 seconds .

========================================================================
Received Prepare
Registering precompiled user dll's ...
Registered in 0.000626 seconds.
Begin MonoManager ReloadAssembly
Native extension for WindowsStandalone target not found
Native extension for OSXStandalone target not found
Native extension for WebGL target not found
Refreshing native plugins compatible for Editor in 0.18 ms, found 1 plugins.
Preloading 0 native plugins for Editor in 0.00 ms.
Mono: successfully reloaded assembly
- Completed reload, in  1.555 seconds
Platform modules already initialized, skipping
Refreshing native plugins compatible for Editor in 0.18 ms, found 1 plugins.
Preloading 0 native plugins for Editor in 0.00 ms.
Unloading 1111 Unused Serialized files (Serialized files now loaded: 0)
System memory in use before: 129.2 MB.
System memory in use after: 129.3 MB.

Unloading 5 unused Assets to reduce memory usage. Loaded Objects now: 1564.
Total: 1.030083 ms (FindLiveObjects: 0.070333 ms CreateObjectMapping: 0.021958 ms MarkObjects: 0.896625 ms  DeleteObjects: 0.040375 ms)

========================================================================
Received Import Request.
  Time since last request: 160.153750 seconds.
  path: Assets/Animation template/Animations&controls/ybotSword_And_Shield_Slash.fbx
  artifactKey: Guid(2c9316c1bbae243e399e5cc4fccc90be) Importer(815301076,1909f56bfc062723c751e8b465ee728b)
Start importing Assets/Animation template/Animations&controls/ybotSword_And_Shield_Slash.fbx using Guid(2c9316c1bbae243e399e5cc4fccc90be) Importer(815301076,1909f56bfc062723c751e8b465ee728b)  -> (artifact id: '5fa821e429b5df87f08817983abc1a4a') in 0.064972 seconds
  Import took 0.076460 seconds .

========================================================================
Received Import Request.
  Time since last request: 11.460772 seconds.
  path: Assets/Animation template/Animations&controls/ybot@Sword_And_Shield_Slash.fbx
  artifactKey: Guid(2c9316c1bbae243e399e5cc4fccc90be) Importer(815301076,1909f56bfc062723c751e8b465ee728b)
Start importing Assets/Animation template/Animations&controls/ybot@Sword_And_Shield_Slash.fbx using Guid(2c9316c1bbae243e399e5cc4fccc90be) Importer(815301076,1909f56bfc062723c751e8b465ee728b)  -> (artifact id: 'eb8c91ad36a5614eb4c8397875261fc0') in 0.012008 seconds
  Import took 0.014027 seconds .

========================================================================
Received Import Request.
  Time since last request: 19.106580 seconds.
  path: Assets/Animation template/Animations&controls/ybot@Sword_And_Shield_Slash.fbx
  artifactKey: Guid(2c9316c1bbae243e399e5cc4fccc90be) Importer(815301076,1909f56bfc062723c751e8b465ee728b)
Start importing Assets/Animation template/Animations&controls/ybot@Sword_And_Shield_Slash.fbx using Guid(2c9316c1bbae243e399e5cc4fccc90be) Importer(815301076,1909f56bfc062723c751e8b465ee728b)  -> (artifact id: '2fe7d1a2f92fa2e0986783761a96e0cd') in 0.006348 seconds
  Import took 0.007999 seconds .

========================================================================
Received Import Request.
  Time since last request: 0.005662 seconds.
  path: Assets/Animation template/Animations&controls/ybot@Sword_And_Shield_Slash.fbx
  artifactKey: Guid(2c9316c1bbae243e399e5cc4fccc90be) Importer(815301076,1909f56bfc062723c751e8b465ee728b)
Start importing Assets/Animation template/Animations&controls/ybot@Sword_And_Shield_Slash.fbx using Guid(2c9316c1bbae243e399e5cc4fccc90be) Importer(815301076,1909f56bfc062723c751e8b465ee728b)  -> (artifact id: '2fe7d1a2f92fa2e0986783761a96e0cd') in 0.005166 seconds
  Import took 0.006954 seconds .

========================================================================
Received Import Request.
  Time since last request: 78.042870 seconds.
  path: Assets/Animation template/Animations&controls/ybot@Sword_And_Shield_Slash.fbx
  artifactKey: Guid(2c9316c1bbae243e399e5cc4fccc90be) Importer(815301076,1909f56bfc062723c751e8b465ee728b)
Start importing Assets/Animation template/Animations&controls/ybot@Sword_And_Shield_Slash.fbx using Guid(2c9316c1bbae243e399e5cc4fccc90be) Importer(815301076,1909f56bfc062723c751e8b465ee728b)  -> (artifact id: '4e9a9da9fca3b69766bfc8808e1a1b88') in 0.006111 seconds
  Import took 0.007892 seconds .

========================================================================
Received Import Request.
  Time since last request: 0.007435 seconds.
  path: Assets/Animation template/Animations&controls/ybot@Sword_And_Shield_Slash.fbx
  artifactKey: Guid(2c9316c1bbae243e399e5cc4fccc90be) Importer(815301076,1909f56bfc062723c751e8b465ee728b)
Start importing Assets/Animation template/Animations&controls/ybot@Sword_And_Shield_Slash.fbx using Guid(2c9316c1bbae243e399e5cc4fccc90be) Importer(815301076,1909f56bfc062723c751e8b465ee728b)  -> (artifact id: '4e9a9da9fca3b69766bfc8808e1a1b88') in 0.004941 seconds
  Import took 0.006749 seconds .

========================================================================
Received Prepare
Registering precompiled user dll's ...
Registered in 0.004500 seconds.
Begin MonoManager ReloadAssembly
Native extension for WindowsStandalone target not found
Native extension for OSXStandalone target not found
Native extension for WebGL target not found
Refreshing native plugins compatible for Editor in 0.19 ms, found 1 plugins.
Preloading 0 native plugins for Editor in 0.00 ms.
Mono: successfully reloaded assembly
- Completed reload, in  1.650 seconds
Platform modules already initialized, skipping
Refreshing native plugins compatible for Editor in 0.19 ms, found 1 plugins.
Preloading 0 native plugins for Editor in 0.00 ms.
Unloading 1111 Unused Serialized files (Serialized files now loaded: 0)
System memory in use before: 129.4 MB.
System memory in use after: 129.5 MB.

Unloading 5 unused Assets to reduce memory usage. Loaded Objects now: 1567.
Total: 1.098584 ms (FindLiveObjects: 0.086417 ms CreateObjectMapping: 0.022000 ms MarkObjects: 0.938708 ms  DeleteObjects: 0.050917 ms)

========================================================================
Received Prepare
Registering precompiled user dll's ...
Registered in 0.001030 seconds.
Begin MonoManager ReloadAssembly
Native extension for WindowsStandalone target not found
Native extension for OSXStandalone target not found
Native extension for WebGL target not found
Refreshing native plugins compatible for Editor in 0.18 ms, found 1 plugins.
Preloading 0 native plugins for Editor in 0.00 ms.
Mono: successfully reloaded assembly
- Completed reload, in  1.572 seconds
Platform modules already initialized, skipping
Refreshing native plugins compatible for Editor in 0.22 ms, found 1 plugins.
Preloading 0 native plugins for Editor in 0.00 ms.
Unloading 1111 Unused Serialized files (Serialized files now loaded: 0)
System memory in use before: 129.6 MB.
System memory in use after: 129.7 MB.

Unloading 5 unused Assets to reduce memory usage. Loaded Objects now: 1570.
Total: 1.119125 ms (FindLiveObjects: 0.097125 ms CreateObjectMapping: 0.022041 ms MarkObjects: 0.954750 ms  DeleteObjects: 0.044625 ms)

