Using pre-set license

 COMMAND LINE ARGUMENTS:
/Applications/Unity/Hub/Editor/2020.3.9f1/Unity.app/Contents/MacOS/Unity
-adb2
-batchMode
-noUpm
-name
AssetImportWorker0
-projectPath
/Users/ayxanagayev/Desktop/GitHubProjects/16.06.2022/19.07.2022
-logFile
Logs/AssetImportWorker0.log
-srvPort
50883
Successfully changed project path to: /Users/ayxanagayev/Desktop/GitHubProjects/16.06.2022/19.07.2022
/Users/ayxanagayev/Desktop/GitHubProjects/16.06.2022/19.07.2022
Using Asset Import Pipeline V2.
Refreshing native plugins compatible for Editor in 21.70 ms, found 1 plugins.
Preloading 0 native plugins for Editor in 0.00 ms.
Initialize engine version: 2020.3.9f1 (108be757e447)
[Subsystems] Discovering subsystems at path /Applications/Unity/Hub/Editor/2020.3.9f1/Unity.app/Contents/Resources/UnitySubsystems
[Subsystems] Discovering subsystems at path /Users/ayxanagayev/Desktop/GitHubProjects/16.06.2022/19.07.2022/Assets
GfxDevice: creating device client; threaded=0
2022-07-19 19:36:53.265 Unity[18415:909214] (null) preferred device: Apple M1 (high power)
2022-07-19 19:36:53.265 Unity[18415:909214] Metal devices available: 1
2022-07-19 19:36:53.265 Unity[18415:909214] 0: Apple M1 (high power)
2022-07-19 19:36:53.271 Unity[18415:909214] Using device Apple M1 (high power)
Initializing Metal device caps: Apple M1
Initialize mono
Mono path[0] = '/Applications/Unity/Hub/Editor/2020.3.9f1/Unity.app/Contents/Managed'
Mono path[1] = '/Applications/Unity/Hub/Editor/2020.3.9f1/Unity.app/Contents/MonoBleedingEdge/lib/mono/unityjit'
Mono config path = '/Applications/Unity/Hub/Editor/2020.3.9f1/Unity.app/Contents/MonoBleedingEdge/etc'
Using monoOptions --debugger-agent=transport=dt_socket,embedding=1,server=y,suspend=n,address=127.0.0.1:56415
Begin MonoManager ReloadAssembly
Registering precompiled unity dll's ...
Register platform support module: /Applications/Unity/Hub/Editor/2020.3.9f1/PlaybackEngines/WebGLSupport/UnityEditor.WebGL.Extensions.dll
Register platform support module: /Applications/Unity/Hub/Editor/2020.3.9f1/Unity.app/Contents/PlaybackEngines/MacStandaloneSupport/UnityEditor.OSXStandalone.Extensions.dll
Register platform support module: /Applications/Unity/Hub/Editor/2020.3.9f1/PlaybackEngines/WindowsStandaloneSupport/UnityEditor.WindowsStandalone.Extensions.dll
Registered in 0.002251 seconds.
Native extension for WindowsStandalone target not found
Native extension for OSXStandalone target not found
Native extension for WebGL target not found
Refreshing native plugins compatible for Editor in 22.16 ms, found 1 plugins.
Preloading 0 native plugins for Editor in 0.00 ms.
Mono: successfully reloaded assembly
- Completed reload, in  3.700 seconds
Platform modules already initialized, skipping
Registering precompiled user dll's ...
Registered in 0.000490 seconds.
Begin MonoManager ReloadAssembly
Native extension for WindowsStandalone target not found
Native extension for OSXStandalone target not found
Native extension for WebGL target not found
Refreshing native plugins compatible for Editor in 0.19 ms, found 1 plugins.
Preloading 0 native plugins for Editor in 0.00 ms.
Mono: successfully reloaded assembly
- Completed reload, in  1.556 seconds
Platform modules already initialized, skipping
========================================================================
Worker process is ready to serve import requests
Launching external process: /Applications/Unity/Hub/Editor/2020.3.9f1/Unity.app/Contents/Tools/UnityShaderCompiler
Launched and connected shader compiler UnityShaderCompiler after 0.18 seconds
Refreshing native plugins compatible for Editor in 0.20 ms, found 1 plugins.
Preloading 0 native plugins for Editor in 0.00 ms.
Unloading 1115 Unused Serialized files (Serialized files now loaded: 0)
System memory in use before: 115.7 MB.
System memory in use after: 115.8 MB.

Unloading 10 unused Assets to reduce memory usage. Loaded Objects now: 1557.
Total: 2.493666 ms (FindLiveObjects: 0.081750 ms CreateObjectMapping: 0.021958 ms MarkObjects: 2.317625 ms  DeleteObjects: 0.071542 ms)

========================================================================
Received Import Request.
  path: Assets/Arrow-clipart-arrow-graphics-clipartcow_1.png
  artifactKey: Guid(522252be8eefd4c70bd080354aaacc86) Importer(815301076,1909f56bfc062723c751e8b465ee728b)
Start importing Assets/Arrow-clipart-arrow-graphics-clipartcow_1.png using Guid(522252be8eefd4c70bd080354aaacc86) Importer(815301076,1909f56bfc062723c751e8b465ee728b)  -> (artifact id: '4d2d3eae1937743731bdbcdbca89350c') in 0.620193 seconds
  Import took 0.622763 seconds .

========================================================================
Received Import Request.
  Time since last request: 39.482091 seconds.
  path: Assets/LineTrailMaterial.mat
  artifactKey: Guid(48cd18fd15ef54d6bac04713c8ab3c57) Importer(815301076,1909f56bfc062723c751e8b465ee728b)
Start importing Assets/LineTrailMaterial.mat using Guid(48cd18fd15ef54d6bac04713c8ab3c57) Importer(815301076,1909f56bfc062723c751e8b465ee728b)  -> (artifact id: '0a247dcccc49b73de852d2bede8554f0') in 0.663321 seconds
  Import took 0.672620 seconds .

========================================================================
Received Import Request.
  Time since last request: 506.365418 seconds.
  path: Assets/LineAnimationController.cs
  artifactKey: Guid(a977fc494a58d4d54aa8d6156d32ddbb) Importer(815301076,1909f56bfc062723c751e8b465ee728b)
Start importing Assets/LineAnimationController.cs using Guid(a977fc494a58d4d54aa8d6156d32ddbb) Importer(815301076,1909f56bfc062723c751e8b465ee728b)  -> (artifact id: '5a6c76865b09bf97c308983422000afc') in 0.278014 seconds
  Import took 0.285293 seconds .

========================================================================
Received Prepare
Registering precompiled user dll's ...
Registered in 0.000316 seconds.
Begin MonoManager ReloadAssembly
Native extension for WindowsStandalone target not found
Native extension for OSXStandalone target not found
Native extension for WebGL target not found
Refreshing native plugins compatible for Editor in 0.25 ms, found 1 plugins.
Preloading 0 native plugins for Editor in 0.00 ms.
Mono: successfully reloaded assembly
- Completed reload, in  1.673 seconds
Platform modules already initialized, skipping
Refreshing native plugins compatible for Editor in 0.18 ms, found 1 plugins.
Preloading 0 native plugins for Editor in 0.00 ms.
Unloading 1111 Unused Serialized files (Serialized files now loaded: 0)
System memory in use before: 132.3 MB.
System memory in use after: 132.4 MB.

Unloading 5 unused Assets to reduce memory usage. Loaded Objects now: 1603.
Total: 2.780708 ms (FindLiveObjects: 0.097959 ms CreateObjectMapping: 0.023333 ms MarkObjects: 2.606166 ms  DeleteObjects: 0.052334 ms)

========================================================================
Received Import Request.
  Time since last request: 132.526507 seconds.
  path: Assets/LineAnimationController.cs
  artifactKey: Guid(a977fc494a58d4d54aa8d6156d32ddbb) Importer(815301076,1909f56bfc062723c751e8b465ee728b)
Start importing Assets/LineAnimationController.cs using Guid(a977fc494a58d4d54aa8d6156d32ddbb) Importer(815301076,1909f56bfc062723c751e8b465ee728b)  -> (artifact id: 'aae4de91302757ed53e2a4fd8767a798') in 0.043492 seconds
  Import took 0.062663 seconds .

========================================================================
Received Prepare
Registering precompiled user dll's ...
Registered in 0.000316 seconds.
Begin MonoManager ReloadAssembly
Native extension for WindowsStandalone target not found
Native extension for OSXStandalone target not found
Native extension for WebGL target not found
Refreshing native plugins compatible for Editor in 0.19 ms, found 1 plugins.
Preloading 0 native plugins for Editor in 0.00 ms.
Mono: successfully reloaded assembly
- Completed reload, in  1.591 seconds
Platform modules already initialized, skipping
Refreshing native plugins compatible for Editor in 0.19 ms, found 1 plugins.
Preloading 0 native plugins for Editor in 0.00 ms.
Unloading 1111 Unused Serialized files (Serialized files now loaded: 0)
System memory in use before: 132.5 MB.
System memory in use after: 132.6 MB.

Unloading 5 unused Assets to reduce memory usage. Loaded Objects now: 1606.
Total: 3.036750 ms (FindLiveObjects: 0.340084 ms CreateObjectMapping: 0.025458 ms MarkObjects: 2.606667 ms  DeleteObjects: 0.063875 ms)

========================================================================
Received Prepare
Registering precompiled user dll's ...
Registered in 0.000281 seconds.
Begin MonoManager ReloadAssembly
Native extension for WindowsStandalone target not found
Native extension for OSXStandalone target not found
Native extension for WebGL target not found
Refreshing native plugins compatible for Editor in 0.19 ms, found 1 plugins.
Preloading 0 native plugins for Editor in 0.00 ms.
Mono: successfully reloaded assembly
- Completed reload, in  1.693 seconds
Platform modules already initialized, skipping
Refreshing native plugins compatible for Editor in 0.22 ms, found 1 plugins.
Preloading 0 native plugins for Editor in 0.00 ms.
Unloading 1111 Unused Serialized files (Serialized files now loaded: 0)
System memory in use before: 132.8 MB.
System memory in use after: 132.8 MB.

Unloading 5 unused Assets to reduce memory usage. Loaded Objects now: 1609.
Total: 2.915084 ms (FindLiveObjects: 0.430833 ms CreateObjectMapping: 0.025542 ms MarkObjects: 2.385500 ms  DeleteObjects: 0.072042 ms)

========================================================================
Received Prepare
Registering precompiled user dll's ...
Registered in 0.000490 seconds.
Begin MonoManager ReloadAssembly
Native extension for WindowsStandalone target not found
Native extension for OSXStandalone target not found
Native extension for WebGL target not found
Refreshing native plugins compatible for Editor in 0.23 ms, found 1 plugins.
Preloading 0 native plugins for Editor in 0.00 ms.
Mono: successfully reloaded assembly
- Completed reload, in  1.702 seconds
Platform modules already initialized, skipping
Refreshing native plugins compatible for Editor in 0.19 ms, found 1 plugins.
Preloading 0 native plugins for Editor in 0.00 ms.
Unloading 1111 Unused Serialized files (Serialized files now loaded: 0)
System memory in use before: 133.0 MB.
System memory in use after: 133.0 MB.

Unloading 5 unused Assets to reduce memory usage. Loaded Objects now: 1612.
Total: 1.170042 ms (FindLiveObjects: 0.115000 ms CreateObjectMapping: 0.023583 ms MarkObjects: 0.981000 ms  DeleteObjects: 0.049417 ms)

========================================================================
Received Prepare
Registering precompiled user dll's ...
Registered in 0.000210 seconds.
Begin MonoManager ReloadAssembly
Native extension for WindowsStandalone target not found
Native extension for OSXStandalone target not found
Native extension for WebGL target not found
Refreshing native plugins compatible for Editor in 0.20 ms, found 1 plugins.
Preloading 0 native plugins for Editor in 0.00 ms.
Mono: successfully reloaded assembly
- Completed reload, in  1.613 seconds
Platform modules already initialized, skipping
Refreshing native plugins compatible for Editor in 0.19 ms, found 1 plugins.
Preloading 0 native plugins for Editor in 0.00 ms.
Unloading 1111 Unused Serialized files (Serialized files now loaded: 0)
System memory in use before: 133.1 MB.
System memory in use after: 133.2 MB.

Unloading 5 unused Assets to reduce memory usage. Loaded Objects now: 1615.
Total: 1.225833 ms (FindLiveObjects: 0.088500 ms CreateObjectMapping: 0.022500 ms MarkObjects: 1.070750 ms  DeleteObjects: 0.043375 ms)

========================================================================
Received Prepare
Registering precompiled user dll's ...
Registered in 0.001731 seconds.
Begin MonoManager ReloadAssembly
Native extension for WindowsStandalone target not found
Native extension for OSXStandalone target not found
Native extension for WebGL target not found
Refreshing native plugins compatible for Editor in 0.19 ms, found 1 plugins.
Preloading 0 native plugins for Editor in 0.00 ms.
Mono: successfully reloaded assembly
- Completed reload, in  2.047 seconds
Platform modules already initialized, skipping
Refreshing native plugins compatible for Editor in 0.19 ms, found 1 plugins.
Preloading 0 native plugins for Editor in 0.00 ms.
Unloading 1111 Unused Serialized files (Serialized files now loaded: 0)
System memory in use before: 133.5 MB.
System memory in use after: 133.6 MB.

Unloading 5 unused Assets to reduce memory usage. Loaded Objects now: 1618.
Total: 7.595167 ms (FindLiveObjects: 0.380667 ms CreateObjectMapping: 0.027833 ms MarkObjects: 7.094500 ms  DeleteObjects: 0.090000 ms)

