Using pre-set license

 COMMAND LINE ARGUMENTS:
/Applications/Unity/Hub/Editor/2020.3.9f1/Unity.app/Contents/MacOS/Unity
-adb2
-batchMode
-noUpm
-name
AssetImportWorker0
-projectPath
/Users/ayxanagayev/Desktop/GitHubProjects/04.06.22/MVC
-logFile
Logs/AssetImportWorker0.log
-srvPort
49328
Successfully changed project path to: /Users/ayxanagayev/Desktop/GitHubProjects/04.06.22/MVC
/Users/ayxanagayev/Desktop/GitHubProjects/04.06.22/MVC
Using Asset Import Pipeline V2.
Refreshing native plugins compatible for Editor in 20.88 ms, found 1 plugins.
Preloading 0 native plugins for Editor in 0.00 ms.
Initialize engine version: 2020.3.9f1 (108be757e447)
[Subsystems] Discovering subsystems at path /Applications/Unity/Hub/Editor/2020.3.9f1/Unity.app/Contents/Resources/UnitySubsystems
[Subsystems] Discovering subsystems at path /Users/ayxanagayev/Desktop/GitHubProjects/04.06.22/MVC/Assets
GfxDevice: creating device client; threaded=0
2022-08-04 20:36:21.922 Unity[1622:48624] (null) preferred device: Apple M1 (high power)
2022-08-04 20:36:21.923 Unity[1622:48624] Metal devices available: 1
2022-08-04 20:36:21.923 Unity[1622:48624] 0: Apple M1 (high power)
2022-08-04 20:36:21.923 Unity[1622:48624] Using device Apple M1 (high power)
Initializing Metal device caps: Apple M1
Initialize mono
Mono path[0] = '/Applications/Unity/Hub/Editor/2020.3.9f1/Unity.app/Contents/Managed'
Mono path[1] = '/Applications/Unity/Hub/Editor/2020.3.9f1/Unity.app/Contents/MonoBleedingEdge/lib/mono/unityjit'
Mono config path = '/Applications/Unity/Hub/Editor/2020.3.9f1/Unity.app/Contents/MonoBleedingEdge/etc'
Using monoOptions --debugger-agent=transport=dt_socket,embedding=1,server=y,suspend=n,address=127.0.0.1:56622
Begin MonoManager ReloadAssembly
Registering precompiled unity dll's ...
Register platform support module: /Applications/Unity/Hub/Editor/2020.3.9f1/PlaybackEngines/WebGLSupport/UnityEditor.WebGL.Extensions.dll
Register platform support module: /Applications/Unity/Hub/Editor/2020.3.9f1/Unity.app/Contents/PlaybackEngines/MacStandaloneSupport/UnityEditor.OSXStandalone.Extensions.dll
Register platform support module: /Applications/Unity/Hub/Editor/2020.3.9f1/PlaybackEngines/WindowsStandaloneSupport/UnityEditor.WindowsStandalone.Extensions.dll
Registered in 0.002847 seconds.
Native extension for WindowsStandalone target not found
Native extension for OSXStandalone target not found
Native extension for WebGL target not found
Refreshing native plugins compatible for Editor in 22.12 ms, found 1 plugins.
Preloading 0 native plugins for Editor in 0.00 ms.
Mono: successfully reloaded assembly
- Completed reload, in  3.176 seconds
Platform modules already initialized, skipping
Registering precompiled user dll's ...
Registered in 0.001505 seconds.
Begin MonoManager ReloadAssembly
Native extension for WindowsStandalone target not found
Native extension for OSXStandalone target not found
Native extension for WebGL target not found
Refreshing native plugins compatible for Editor in 0.22 ms, found 1 plugins.
Preloading 0 native plugins for Editor in 0.00 ms.
Mono: successfully reloaded assembly
- Completed reload, in  1.579 seconds
Platform modules already initialized, skipping
========================================================================
Worker process is ready to serve import requests
Launching external process: /Applications/Unity/Hub/Editor/2020.3.9f1/Unity.app/Contents/Tools/UnityShaderCompiler
Launched and connected shader compiler UnityShaderCompiler after 0.03 seconds
Refreshing native plugins compatible for Editor in 0.18 ms, found 1 plugins.
Preloading 0 native plugins for Editor in 0.00 ms.
Unloading 1115 Unused Serialized files (Serialized files now loaded: 0)
System memory in use before: 115.8 MB.
System memory in use after: 115.9 MB.

Unloading 10 unused Assets to reduce memory usage. Loaded Objects now: 1557.
Total: 1.182334 ms (FindLiveObjects: 0.082291 ms CreateObjectMapping: 0.022792 ms MarkObjects: 0.963875 ms  DeleteObjects: 0.112750 ms)

========================================================================
Received Import Request.
  path: Assets/Ui
  artifactKey: Guid(486161505c2914238b108ea8cd24172e) Importer(815301076,1909f56bfc062723c751e8b465ee728b)
Start importing Assets/Ui using Guid(486161505c2914238b108ea8cd24172e) Importer(815301076,1909f56bfc062723c751e8b465ee728b)  -> (artifact id: '9384660ad65429bd256c04ead737e84a') in 0.004970 seconds
  Import took 0.006733 seconds .

========================================================================
Received Import Request.
  Time since last request: 2.494344 seconds.
  path: Assets/Ui/Controls
  artifactKey: Guid(11c39f8bf59444b65a8fe6aa3f07f671) Importer(815301076,1909f56bfc062723c751e8b465ee728b)
Start importing Assets/Ui/Controls using Guid(11c39f8bf59444b65a8fe6aa3f07f671) Importer(815301076,1909f56bfc062723c751e8b465ee728b)  -> (artifact id: '125f17c5939dd46ac541618cd151a1eb') in 0.001055 seconds
  Import took 0.002561 seconds .

========================================================================
Received Import Request.
  Time since last request: 5.915093 seconds.
  path: Assets/Ui/Events
  artifactKey: Guid(38788711eb2ae4e6ca1841da1f411b5f) Importer(815301076,1909f56bfc062723c751e8b465ee728b)
Start importing Assets/Ui/Events using Guid(38788711eb2ae4e6ca1841da1f411b5f) Importer(815301076,1909f56bfc062723c751e8b465ee728b)  -> (artifact id: '1cd248dccd754f00456a332e893a65a9') in 0.001265 seconds
  Import took 0.003179 seconds .

========================================================================
Received Import Request.
  Time since last request: 5.897219 seconds.
  path: Assets/Ui/Views
  artifactKey: Guid(4994f0224b58246e2909400f9567abe8) Importer(815301076,1909f56bfc062723c751e8b465ee728b)
Start importing Assets/Ui/Views using Guid(4994f0224b58246e2909400f9567abe8) Importer(815301076,1909f56bfc062723c751e8b465ee728b)  -> (artifact id: 'a9f3df3e707c5dcc6f5509055245bd98') in 0.001320 seconds
  Import took 0.003294 seconds .

========================================================================
Received Prepare
Registering precompiled user dll's ...
Registered in 0.000232 seconds.
Begin MonoManager ReloadAssembly
Native extension for WindowsStandalone target not found
Native extension for OSXStandalone target not found
Native extension for WebGL target not found
Refreshing native plugins compatible for Editor in 0.18 ms, found 1 plugins.
Preloading 0 native plugins for Editor in 0.00 ms.
Mono: successfully reloaded assembly
- Completed reload, in  1.479 seconds
Platform modules already initialized, skipping
Refreshing native plugins compatible for Editor in 0.18 ms, found 1 plugins.
Preloading 0 native plugins for Editor in 0.00 ms.
Unloading 1124 Unused Serialized files (Serialized files now loaded: 0)
System memory in use before: 117.9 MB.
System memory in use after: 117.3 MB.

Unloading 18 unused Assets to reduce memory usage. Loaded Objects now: 1561.
Total: 1.503166 ms (FindLiveObjects: 0.112750 ms CreateObjectMapping: 0.025000 ms MarkObjects: 1.088917 ms  DeleteObjects: 0.275584 ms)

========================================================================
Received Prepare
Registering precompiled user dll's ...
Registered in 0.000204 seconds.
Begin MonoManager ReloadAssembly
Native extension for WindowsStandalone target not found
Native extension for OSXStandalone target not found
Native extension for WebGL target not found
Refreshing native plugins compatible for Editor in 0.18 ms, found 1 plugins.
Preloading 0 native plugins for Editor in 0.00 ms.
Mono: successfully reloaded assembly
- Completed reload, in  1.477 seconds
Platform modules already initialized, skipping
Refreshing native plugins compatible for Editor in 0.17 ms, found 1 plugins.
Preloading 0 native plugins for Editor in 0.00 ms.
Unloading 1125 Unused Serialized files (Serialized files now loaded: 0)
System memory in use before: 118.1 MB.
System memory in use after: 117.5 MB.

Unloading 18 unused Assets to reduce memory usage. Loaded Objects now: 1565.
Total: 1.382667 ms (FindLiveObjects: 0.123917 ms CreateObjectMapping: 0.023166 ms MarkObjects: 0.962125 ms  DeleteObjects: 0.271750 ms)

========================================================================
Received Prepare
Registering precompiled user dll's ...
Registered in 0.000305 seconds.
Begin MonoManager ReloadAssembly
Native extension for WindowsStandalone target not found
Native extension for OSXStandalone target not found
Native extension for WebGL target not found
Refreshing native plugins compatible for Editor in 0.19 ms, found 1 plugins.
Preloading 0 native plugins for Editor in 0.00 ms.
Mono: successfully reloaded assembly
- Completed reload, in  1.594 seconds
Platform modules already initialized, skipping
Refreshing native plugins compatible for Editor in 0.17 ms, found 1 plugins.
Preloading 0 native plugins for Editor in 0.00 ms.
Unloading 1125 Unused Serialized files (Serialized files now loaded: 0)
System memory in use before: 118.3 MB.
System memory in use after: 117.7 MB.

Unloading 18 unused Assets to reduce memory usage. Loaded Objects now: 1568.
Total: 1.386417 ms (FindLiveObjects: 0.112291 ms CreateObjectMapping: 0.023500 ms MarkObjects: 0.965625 ms  DeleteObjects: 0.284333 ms)

========================================================================
Received Prepare
Registering precompiled user dll's ...
Registered in 0.000284 seconds.
Begin MonoManager ReloadAssembly
Native extension for WindowsStandalone target not found
Native extension for OSXStandalone target not found
Native extension for WebGL target not found
Refreshing native plugins compatible for Editor in 0.21 ms, found 1 plugins.
Preloading 0 native plugins for Editor in 0.00 ms.
Mono: successfully reloaded assembly
- Completed reload, in  1.605 seconds
Platform modules already initialized, skipping
Refreshing native plugins compatible for Editor in 0.17 ms, found 1 plugins.
Preloading 0 native plugins for Editor in 0.00 ms.
Unloading 1125 Unused Serialized files (Serialized files now loaded: 0)
System memory in use before: 118.4 MB.
System memory in use after: 117.9 MB.

Unloading 18 unused Assets to reduce memory usage. Loaded Objects now: 1571.
Total: 1.355959 ms (FindLiveObjects: 0.099250 ms CreateObjectMapping: 0.023125 ms MarkObjects: 0.954417 ms  DeleteObjects: 0.278625 ms)

========================================================================
Received Prepare
Registering precompiled user dll's ...
Registered in 0.000275 seconds.
Begin MonoManager ReloadAssembly
Native extension for WindowsStandalone target not found
Native extension for OSXStandalone target not found
Native extension for WebGL target not found
Refreshing native plugins compatible for Editor in 0.19 ms, found 1 plugins.
Preloading 0 native plugins for Editor in 0.00 ms.
Mono: successfully reloaded assembly
- Completed reload, in  1.494 seconds
Platform modules already initialized, skipping
Refreshing native plugins compatible for Editor in 0.18 ms, found 1 plugins.
Preloading 0 native plugins for Editor in 0.00 ms.
Unloading 1125 Unused Serialized files (Serialized files now loaded: 0)
System memory in use before: 118.6 MB.
System memory in use after: 118.1 MB.

Unloading 18 unused Assets to reduce memory usage. Loaded Objects now: 1574.
Total: 1.314875 ms (FindLiveObjects: 0.075958 ms CreateObjectMapping: 0.023167 ms MarkObjects: 0.942458 ms  DeleteObjects: 0.272750 ms)

========================================================================
Received Prepare
Registering precompiled user dll's ...
Registered in 0.000275 seconds.
Begin MonoManager ReloadAssembly
Native extension for WindowsStandalone target not found
Native extension for OSXStandalone target not found
Native extension for WebGL target not found
Refreshing native plugins compatible for Editor in 0.18 ms, found 1 plugins.
Preloading 0 native plugins for Editor in 0.00 ms.
Mono: successfully reloaded assembly
- Completed reload, in  1.521 seconds
Platform modules already initialized, skipping
Refreshing native plugins compatible for Editor in 0.18 ms, found 1 plugins.
Preloading 0 native plugins for Editor in 0.00 ms.
Unloading 1125 Unused Serialized files (Serialized files now loaded: 0)
System memory in use before: 118.8 MB.
System memory in use after: 118.3 MB.

Unloading 18 unused Assets to reduce memory usage. Loaded Objects now: 1577.
Total: 1.365834 ms (FindLiveObjects: 0.103292 ms CreateObjectMapping: 0.023875 ms MarkObjects: 0.954750 ms  DeleteObjects: 0.283125 ms)

========================================================================
Received Prepare
Registering precompiled user dll's ...
Registered in 0.005233 seconds.
Begin MonoManager ReloadAssembly
Native extension for WindowsStandalone target not found
Native extension for OSXStandalone target not found
Native extension for WebGL target not found
Refreshing native plugins compatible for Editor in 0.18 ms, found 1 plugins.
Preloading 0 native plugins for Editor in 0.00 ms.
Mono: successfully reloaded assembly
- Completed reload, in  1.657 seconds
Platform modules already initialized, skipping
Refreshing native plugins compatible for Editor in 0.19 ms, found 1 plugins.
Preloading 0 native plugins for Editor in 0.00 ms.
Unloading 1125 Unused Serialized files (Serialized files now loaded: 0)
System memory in use before: 119.0 MB.
System memory in use after: 118.5 MB.

Unloading 18 unused Assets to reduce memory usage. Loaded Objects now: 1580.
Total: 1.556833 ms (FindLiveObjects: 0.114708 ms CreateObjectMapping: 0.024083 ms MarkObjects: 1.089708 ms  DeleteObjects: 0.327417 ms)

========================================================================
Received Prepare
Registering precompiled user dll's ...
Registered in 0.000410 seconds.
Begin MonoManager ReloadAssembly
Native extension for WindowsStandalone target not found
Native extension for OSXStandalone target not found
Native extension for WebGL target not found
Refreshing native plugins compatible for Editor in 0.18 ms, found 1 plugins.
Preloading 0 native plugins for Editor in 0.00 ms.
Mono: successfully reloaded assembly
- Completed reload, in  1.551 seconds
Platform modules already initialized, skipping
Refreshing native plugins compatible for Editor in 0.18 ms, found 1 plugins.
Preloading 0 native plugins for Editor in 0.00 ms.
Unloading 1127 Unused Serialized files (Serialized files now loaded: 0)
System memory in use before: 119.3 MB.
System memory in use after: 118.7 MB.

Unloading 18 unused Assets to reduce memory usage. Loaded Objects now: 1585.
Total: 1.447084 ms (FindLiveObjects: 0.151333 ms CreateObjectMapping: 0.023958 ms MarkObjects: 0.985208 ms  DeleteObjects: 0.285750 ms)

========================================================================
Received Import Request.
  Time since last request: 3140.118059 seconds.
  path: Assets/Ui/Events/OnLoginButtonPressedEvent.cs
  artifactKey: Guid(8cc6aff80cd794294b82185a97961d12) Importer(815301076,1909f56bfc062723c751e8b465ee728b)
Start importing Assets/Ui/Events/OnLoginButtonPressedEvent.cs using Guid(8cc6aff80cd794294b82185a97961d12) Importer(815301076,1909f56bfc062723c751e8b465ee728b)  -> (artifact id: '8361b3ab4bcc806dbab903cbb802bbea') in 0.179040 seconds
  Import took 0.184820 seconds .

========================================================================
Received Prepare
Registering precompiled user dll's ...
Registered in 0.000249 seconds.
Begin MonoManager ReloadAssembly
Native extension for WindowsStandalone target not found
Native extension for OSXStandalone target not found
Native extension for WebGL target not found
Refreshing native plugins compatible for Editor in 0.19 ms, found 1 plugins.
Preloading 0 native plugins for Editor in 0.00 ms.
Mono: successfully reloaded assembly
- Completed reload, in  1.548 seconds
Platform modules already initialized, skipping
Refreshing native plugins compatible for Editor in 0.16 ms, found 1 plugins.
Preloading 0 native plugins for Editor in 0.00 ms.
Unloading 1128 Unused Serialized files (Serialized files now loaded: 0)
System memory in use before: 123.7 MB.
System memory in use after: 123.2 MB.

Unloading 18 unused Assets to reduce memory usage. Loaded Objects now: 1589.
Total: 1.325375 ms (FindLiveObjects: 0.098041 ms CreateObjectMapping: 0.023834 ms MarkObjects: 0.934791 ms  DeleteObjects: 0.268208 ms)

========================================================================
Received Prepare
Registering precompiled user dll's ...
Registered in 0.000318 seconds.
Begin MonoManager ReloadAssembly
Native extension for WindowsStandalone target not found
Native extension for OSXStandalone target not found
Native extension for WebGL target not found
Refreshing native plugins compatible for Editor in 0.24 ms, found 1 plugins.
Preloading 0 native plugins for Editor in 0.00 ms.
Mono: successfully reloaded assembly
- Completed reload, in  1.600 seconds
Platform modules already initialized, skipping
Refreshing native plugins compatible for Editor in 0.18 ms, found 1 plugins.
Preloading 0 native plugins for Editor in 0.00 ms.
Unloading 1128 Unused Serialized files (Serialized files now loaded: 0)
System memory in use before: 123.9 MB.
System memory in use after: 123.3 MB.

Unloading 18 unused Assets to reduce memory usage. Loaded Objects now: 1592.
Total: 1.350750 ms (FindLiveObjects: 0.111833 ms CreateObjectMapping: 0.023792 ms MarkObjects: 0.945166 ms  DeleteObjects: 0.269250 ms)

========================================================================
Received Prepare
Registering precompiled user dll's ...
Registered in 0.000190 seconds.
Begin MonoManager ReloadAssembly
Native extension for WindowsStandalone target not found
Native extension for OSXStandalone target not found
Native extension for WebGL target not found
Refreshing native plugins compatible for Editor in 0.20 ms, found 1 plugins.
Preloading 0 native plugins for Editor in 0.00 ms.
Mono: successfully reloaded assembly
- Completed reload, in  1.487 seconds
Platform modules already initialized, skipping
Refreshing native plugins compatible for Editor in 0.15 ms, found 1 plugins.
Preloading 0 native plugins for Editor in 0.00 ms.
Unloading 1128 Unused Serialized files (Serialized files now loaded: 0)
System memory in use before: 124.1 MB.
System memory in use after: 123.5 MB.

Unloading 18 unused Assets to reduce memory usage. Loaded Objects now: 1595.
Total: 1.224750 ms (FindLiveObjects: 0.077167 ms CreateObjectMapping: 0.022541 ms MarkObjects: 0.882750 ms  DeleteObjects: 0.241750 ms)

========================================================================
Received Import Request.
  Time since last request: 295.255464 seconds.
  path: Assets/Ui/Events/OnLoginButtonPressedEvent.cs
  artifactKey: Guid(8cc6aff80cd794294b82185a97961d12) Importer(815301076,1909f56bfc062723c751e8b465ee728b)
Start importing Assets/Ui/Events/OnLoginButtonPressedEvent.cs using Guid(8cc6aff80cd794294b82185a97961d12) Importer(815301076,1909f56bfc062723c751e8b465ee728b)  -> (artifact id: 'b84ea55a9897f49835481123d7a321ef') in 0.018032 seconds
  Import took 0.024234 seconds .

========================================================================
Received Import Request.
  Time since last request: 0.000277 seconds.
  path: Assets/Ui/Events/OnLoginButtonPressedEvent.cs
  artifactKey: Guid(8cc6aff80cd794294b82185a97961d12) Importer(815301076,1909f56bfc062723c751e8b465ee728b)
Start importing Assets/Ui/Events/OnLoginButtonPressedEvent.cs using Guid(8cc6aff80cd794294b82185a97961d12) Importer(815301076,1909f56bfc062723c751e8b465ee728b)  -> (artifact id: 'b84ea55a9897f49835481123d7a321ef') in 0.001953 seconds
  Import took 0.003234 seconds .

========================================================================
Received Import Request.
  Time since last request: 16.717309 seconds.
  path: Assets/LoginMenuController.cs
  artifactKey: Guid(799fa025a615a43e3b01744395846299) Importer(815301076,1909f56bfc062723c751e8b465ee728b)
Start importing Assets/LoginMenuController.cs using Guid(799fa025a615a43e3b01744395846299) Importer(815301076,1909f56bfc062723c751e8b465ee728b)  -> (artifact id: '5e5770b6bfb251edbeb34132e842d671') in 0.002081 seconds
  Import took 0.003631 seconds .

========================================================================
Received Import Request.
  Time since last request: 0.004888 seconds.
  path: Assets/LoginMenuController.cs
  artifactKey: Guid(799fa025a615a43e3b01744395846299) Importer(815301076,1909f56bfc062723c751e8b465ee728b)
Start importing Assets/LoginMenuController.cs using Guid(799fa025a615a43e3b01744395846299) Importer(815301076,1909f56bfc062723c751e8b465ee728b)  -> (artifact id: '5e5770b6bfb251edbeb34132e842d671') in 0.001942 seconds
  Import took 0.003455 seconds .

========================================================================
Received Import Request.
  Time since last request: 20.966976 seconds.
  path: Assets/LoginMenuView.cs
  artifactKey: Guid(0c7b23b34e9034641899f310983d1359) Importer(815301076,1909f56bfc062723c751e8b465ee728b)
Start importing Assets/LoginMenuView.cs using Guid(0c7b23b34e9034641899f310983d1359) Importer(815301076,1909f56bfc062723c751e8b465ee728b)  -> (artifact id: '3ee2526615d22effc6b4170de1527a40') in 0.004097 seconds
  Import took 0.006735 seconds .

========================================================================
Received Import Request.
  Time since last request: 0.006490 seconds.
  path: Assets/LoginMenuView.cs
  artifactKey: Guid(0c7b23b34e9034641899f310983d1359) Importer(815301076,1909f56bfc062723c751e8b465ee728b)
Start importing Assets/LoginMenuView.cs using Guid(0c7b23b34e9034641899f310983d1359) Importer(815301076,1909f56bfc062723c751e8b465ee728b)  -> (artifact id: '3ee2526615d22effc6b4170de1527a40') in 0.002851 seconds
  Import took 0.004849 seconds .

========================================================================
Received Prepare
Registering precompiled user dll's ...
Registered in 0.000582 seconds.
Begin MonoManager ReloadAssembly
Native extension for WindowsStandalone target not found
Native extension for OSXStandalone target not found
Native extension for WebGL target not found
Refreshing native plugins compatible for Editor in 0.18 ms, found 1 plugins.
Preloading 0 native plugins for Editor in 0.00 ms.
Mono: successfully reloaded assembly
- Completed reload, in  1.615 seconds
Platform modules already initialized, skipping
Refreshing native plugins compatible for Editor in 0.17 ms, found 1 plugins.
Preloading 0 native plugins for Editor in 0.00 ms.
Unloading 1128 Unused Serialized files (Serialized files now loaded: 0)
System memory in use before: 124.3 MB.
System memory in use after: 123.7 MB.

Unloading 18 unused Assets to reduce memory usage. Loaded Objects now: 1598.
Total: 1.428500 ms (FindLiveObjects: 0.129834 ms CreateObjectMapping: 0.024416 ms MarkObjects: 0.985834 ms  DeleteObjects: 0.287958 ms)

========================================================================
Received Prepare
Registering precompiled user dll's ...
Registered in 0.000199 seconds.
Begin MonoManager ReloadAssembly
Native extension for WindowsStandalone target not found
Native extension for OSXStandalone target not found
Native extension for WebGL target not found
Refreshing native plugins compatible for Editor in 0.19 ms, found 1 plugins.
Preloading 0 native plugins for Editor in 0.00 ms.
Mono: successfully reloaded assembly
- Completed reload, in  1.501 seconds
Platform modules already initialized, skipping
Refreshing native plugins compatible for Editor in 0.18 ms, found 1 plugins.
Preloading 0 native plugins for Editor in 0.00 ms.
Unloading 1129 Unused Serialized files (Serialized files now loaded: 0)
System memory in use before: 124.5 MB.
System memory in use after: 123.9 MB.

Unloading 18 unused Assets to reduce memory usage. Loaded Objects now: 1602.
Total: 1.367334 ms (FindLiveObjects: 0.086958 ms CreateObjectMapping: 0.023375 ms MarkObjects: 0.962750 ms  DeleteObjects: 0.293542 ms)

========================================================================
Received Import Request.
  Time since last request: 213.062559 seconds.
  path: Assets/LoginController.cs
  artifactKey: Guid(e11b1f8758f8b4a98b00f2ede415b5a8) Importer(815301076,1909f56bfc062723c751e8b465ee728b)
Start importing Assets/LoginController.cs using Guid(e11b1f8758f8b4a98b00f2ede415b5a8) Importer(815301076,1909f56bfc062723c751e8b465ee728b)  -> (artifact id: '6cab63accae4a5bb32a402b6650849dc') in 0.006095 seconds
  Import took 0.007729 seconds .

========================================================================
Received Import Request.
  Time since last request: 0.009204 seconds.
  path: Assets/LoginController.cs
  artifactKey: Guid(e11b1f8758f8b4a98b00f2ede415b5a8) Importer(815301076,1909f56bfc062723c751e8b465ee728b)
Start importing Assets/LoginController.cs using Guid(e11b1f8758f8b4a98b00f2ede415b5a8) Importer(815301076,1909f56bfc062723c751e8b465ee728b)  -> (artifact id: '6cab63accae4a5bb32a402b6650849dc') in 0.001744 seconds
  Import took 0.003113 seconds .

========================================================================
Received Import Request.
  Time since last request: 440.788780 seconds.
  path: Assets/LoginController.cs
  artifactKey: Guid(e11b1f8758f8b4a98b00f2ede415b5a8) Importer(815301076,1909f56bfc062723c751e8b465ee728b)
Start importing Assets/LoginController.cs using Guid(e11b1f8758f8b4a98b00f2ede415b5a8) Importer(815301076,1909f56bfc062723c751e8b465ee728b)  -> (artifact id: 'bb4644bd17b041f54ccf45820cf624ad') in 0.021136 seconds
  Import took 0.048184 seconds .

========================================================================
Received Prepare
Registering precompiled user dll's ...
Registered in 0.000251 seconds.
Begin MonoManager ReloadAssembly
Native extension for WindowsStandalone target not found
Native extension for OSXStandalone target not found
Native extension for WebGL target not found
Refreshing native plugins compatible for Editor in 0.19 ms, found 1 plugins.
Preloading 0 native plugins for Editor in 0.00 ms.
Mono: successfully reloaded assembly
- Completed reload, in  1.649 seconds
Platform modules already initialized, skipping
Refreshing native plugins compatible for Editor in 0.18 ms, found 1 plugins.
Preloading 0 native plugins for Editor in 0.00 ms.
Unloading 1129 Unused Serialized files (Serialized files now loaded: 0)
System memory in use before: 124.7 MB.
System memory in use after: 124.1 MB.

Unloading 18 unused Assets to reduce memory usage. Loaded Objects now: 1605.
Total: 1.401208 ms (FindLiveObjects: 0.125084 ms CreateObjectMapping: 0.024291 ms MarkObjects: 0.961792 ms  DeleteObjects: 0.289166 ms)

========================================================================
Received Prepare
Registering precompiled user dll's ...
Registered in 0.000860 seconds.
Begin MonoManager ReloadAssembly
Native extension for WindowsStandalone target not found
Native extension for OSXStandalone target not found
Native extension for WebGL target not found
Refreshing native plugins compatible for Editor in 0.21 ms, found 1 plugins.
Preloading 0 native plugins for Editor in 0.00 ms.
Mono: successfully reloaded assembly
- Completed reload, in  1.708 seconds
Platform modules already initialized, skipping
Refreshing native plugins compatible for Editor in 0.18 ms, found 1 plugins.
Preloading 0 native plugins for Editor in 0.00 ms.
Unloading 1129 Unused Serialized files (Serialized files now loaded: 0)
System memory in use before: 124.9 MB.
System memory in use after: 124.3 MB.

Unloading 18 unused Assets to reduce memory usage. Loaded Objects now: 1608.
Total: 1.369250 ms (FindLiveObjects: 0.115708 ms CreateObjectMapping: 0.024500 ms MarkObjects: 0.952125 ms  DeleteObjects: 0.276209 ms)

========================================================================
Received Prepare
Registering precompiled user dll's ...
Registered in 0.000213 seconds.
Begin MonoManager ReloadAssembly
Native extension for WindowsStandalone target not found
Native extension for OSXStandalone target not found
Native extension for WebGL target not found
Refreshing native plugins compatible for Editor in 0.18 ms, found 1 plugins.
Preloading 0 native plugins for Editor in 0.00 ms.
Mono: successfully reloaded assembly
- Completed reload, in  1.518 seconds
Platform modules already initialized, skipping
Refreshing native plugins compatible for Editor in 0.18 ms, found 1 plugins.
Preloading 0 native plugins for Editor in 0.00 ms.
Unloading 1129 Unused Serialized files (Serialized files now loaded: 0)
System memory in use before: 125.0 MB.
System memory in use after: 124.5 MB.

Unloading 18 unused Assets to reduce memory usage. Loaded Objects now: 1611.
Total: 1.321584 ms (FindLiveObjects: 0.082541 ms CreateObjectMapping: 0.023917 ms MarkObjects: 0.945291 ms  DeleteObjects: 0.269125 ms)

========================================================================
Received Import Request.
  Time since last request: 774.049730 seconds.
  path: Assets/Ui/Events/OnLoginSuccessEvent.cs
  artifactKey: Guid(089935b7c5cb64f7dbb53b754f760888) Importer(815301076,1909f56bfc062723c751e8b465ee728b)
Start importing Assets/Ui/Events/OnLoginSuccessEvent.cs using Guid(089935b7c5cb64f7dbb53b754f760888) Importer(815301076,1909f56bfc062723c751e8b465ee728b)  -> (artifact id: '5f8a145ca88239e2c30dfc61d8f8e19e') in 0.006923 seconds
  Import took 0.008672 seconds .

========================================================================
Received Import Request.
  Time since last request: 0.001075 seconds.
  path: Assets/Ui/Events/OnLoginSuccessEvent.cs
  artifactKey: Guid(089935b7c5cb64f7dbb53b754f760888) Importer(815301076,1909f56bfc062723c751e8b465ee728b)
Start importing Assets/Ui/Events/OnLoginSuccessEvent.cs using Guid(089935b7c5cb64f7dbb53b754f760888) Importer(815301076,1909f56bfc062723c751e8b465ee728b)  -> (artifact id: '5f8a145ca88239e2c30dfc61d8f8e19e') in 0.002481 seconds
  Import took 0.004159 seconds .

========================================================================
Received Prepare
Registering precompiled user dll's ...
Registered in 0.000196 seconds.
Begin MonoManager ReloadAssembly
Native extension for WindowsStandalone target not found
Native extension for OSXStandalone target not found
Native extension for WebGL target not found
Refreshing native plugins compatible for Editor in 0.22 ms, found 1 plugins.
Preloading 0 native plugins for Editor in 0.00 ms.
Mono: successfully reloaded assembly
- Completed reload, in  1.613 seconds
Platform modules already initialized, skipping
Refreshing native plugins compatible for Editor in 0.15 ms, found 1 plugins.
Preloading 0 native plugins for Editor in 0.00 ms.
Unloading 1130 Unused Serialized files (Serialized files now loaded: 0)
System memory in use before: 125.3 MB.
System memory in use after: 124.7 MB.

Unloading 18 unused Assets to reduce memory usage. Loaded Objects now: 1615.
Total: 1.327041 ms (FindLiveObjects: 0.090458 ms CreateObjectMapping: 0.026667 ms MarkObjects: 0.940084 ms  DeleteObjects: 0.269000 ms)

========================================================================
Received Import Request.
  Time since last request: 20.966501 seconds.
  path: Assets/Ui/Events/OnLoginFailedEvent.cs
  artifactKey: Guid(3216b5c3c915f48acb6f215256e796d7) Importer(815301076,1909f56bfc062723c751e8b465ee728b)
Start importing Assets/Ui/Events/OnLoginFailedEvent.cs using Guid(3216b5c3c915f48acb6f215256e796d7) Importer(815301076,1909f56bfc062723c751e8b465ee728b)  -> (artifact id: 'cca460f5a1732159cfa86e96d4a9b00e') in 0.005660 seconds
  Import took 0.007350 seconds .

========================================================================
Received Prepare
Registering precompiled user dll's ...
Registered in 0.000199 seconds.
Begin MonoManager ReloadAssembly
Native extension for WindowsStandalone target not found
Native extension for OSXStandalone target not found
Native extension for WebGL target not found
Refreshing native plugins compatible for Editor in 0.19 ms, found 1 plugins.
Preloading 0 native plugins for Editor in 0.00 ms.
Mono: successfully reloaded assembly
- Completed reload, in  1.543 seconds
Platform modules already initialized, skipping
Refreshing native plugins compatible for Editor in 0.16 ms, found 1 plugins.
Preloading 0 native plugins for Editor in 0.00 ms.
Unloading 1131 Unused Serialized files (Serialized files now loaded: 0)
System memory in use before: 125.5 MB.
System memory in use after: 124.9 MB.

Unloading 18 unused Assets to reduce memory usage. Loaded Objects now: 1619.
Total: 1.276833 ms (FindLiveObjects: 0.085041 ms CreateObjectMapping: 0.023167 ms MarkObjects: 0.913291 ms  DeleteObjects: 0.254709 ms)

========================================================================
Received Import Request.
  Time since last request: 1088.399068 seconds.
  path: Assets/Ui/Events/OnLoginSuccessEvent.cs
  artifactKey: Guid(089935b7c5cb64f7dbb53b754f760888) Importer(815301076,1909f56bfc062723c751e8b465ee728b)
Start importing Assets/Ui/Events/OnLoginSuccessEvent.cs using Guid(089935b7c5cb64f7dbb53b754f760888) Importer(815301076,1909f56bfc062723c751e8b465ee728b)  -> (artifact id: '1ff618bfd7ca300fd6eac2f138936da1') in 0.057124 seconds
  Import took 0.082575 seconds .

========================================================================
Received Prepare
Registering precompiled user dll's ...
Registered in 0.000320 seconds.
Begin MonoManager ReloadAssembly
Native extension for WindowsStandalone target not found
Native extension for OSXStandalone target not found
Native extension for WebGL target not found
Refreshing native plugins compatible for Editor in 0.19 ms, found 1 plugins.
Preloading 0 native plugins for Editor in 0.00 ms.
Mono: successfully reloaded assembly
- Completed reload, in  1.565 seconds
Platform modules already initialized, skipping
Refreshing native plugins compatible for Editor in 0.14 ms, found 1 plugins.
Preloading 0 native plugins for Editor in 0.00 ms.
Unloading 1131 Unused Serialized files (Serialized files now loaded: 0)
System memory in use before: 125.7 MB.
System memory in use after: 125.1 MB.

Unloading 18 unused Assets to reduce memory usage. Loaded Objects now: 1622.
Total: 1.269125 ms (FindLiveObjects: 0.098084 ms CreateObjectMapping: 0.023125 ms MarkObjects: 0.910792 ms  DeleteObjects: 0.236541 ms)

