Using pre-set license

 COMMAND LINE ARGUMENTS:
/Applications/Unity/Hub/Editor/2020.3.9f1/Unity.app/Contents/MacOS/Unity
-adb2
-batchMode
-noUpm
-name
AssetImportWorker0
-projectPath
/Users/ayxanagayev/Desktop/GitHubProjects/04.06.22/Rpg
-logFile
Logs/AssetImportWorker0.log
-srvPort
49859
Successfully changed project path to: /Users/ayxanagayev/Desktop/GitHubProjects/04.06.22/Rpg
/Users/ayxanagayev/Desktop/GitHubProjects/04.06.22/Rpg
Using Asset Import Pipeline V2.
Refreshing native plugins compatible for Editor in 22.14 ms, found 1 plugins.
Preloading 0 native plugins for Editor in 0.00 ms.
Initialize engine version: 2020.3.9f1 (108be757e447)
[Subsystems] Discovering subsystems at path /Applications/Unity/Hub/Editor/2020.3.9f1/Unity.app/Contents/Resources/UnitySubsystems
[Subsystems] Discovering subsystems at path /Users/ayxanagayev/Desktop/GitHubProjects/04.06.22/Rpg/Assets
GfxDevice: creating device client; threaded=0
2022-07-30 12:24:00.515 Unity[2865:72334] (null) preferred device: Apple M1 (high power)
2022-07-30 12:24:00.515 Unity[2865:72334] Metal devices available: 1
2022-07-30 12:24:00.515 Unity[2865:72334] 0: Apple M1 (high power)
2022-07-30 12:24:00.515 Unity[2865:72334] Using device Apple M1 (high power)
Initializing Metal device caps: Apple M1
Initialize mono
Mono path[0] = '/Applications/Unity/Hub/Editor/2020.3.9f1/Unity.app/Contents/Managed'
Mono path[1] = '/Applications/Unity/Hub/Editor/2020.3.9f1/Unity.app/Contents/MonoBleedingEdge/lib/mono/unityjit'
Mono config path = '/Applications/Unity/Hub/Editor/2020.3.9f1/Unity.app/Contents/MonoBleedingEdge/etc'
Using monoOptions --debugger-agent=transport=dt_socket,embedding=1,server=y,suspend=n,address=127.0.0.1:56865
Begin MonoManager ReloadAssembly
Registering precompiled unity dll's ...
Register platform support module: /Applications/Unity/Hub/Editor/2020.3.9f1/PlaybackEngines/WebGLSupport/UnityEditor.WebGL.Extensions.dll
Register platform support module: /Applications/Unity/Hub/Editor/2020.3.9f1/Unity.app/Contents/PlaybackEngines/MacStandaloneSupport/UnityEditor.OSXStandalone.Extensions.dll
Register platform support module: /Applications/Unity/Hub/Editor/2020.3.9f1/PlaybackEngines/WindowsStandaloneSupport/UnityEditor.WindowsStandalone.Extensions.dll
Registered in 0.002057 seconds.
Native extension for WindowsStandalone target not found
Native extension for OSXStandalone target not found
Native extension for WebGL target not found
Refreshing native plugins compatible for Editor in 22.84 ms, found 1 plugins.
Preloading 0 native plugins for Editor in 0.00 ms.
Mono: successfully reloaded assembly
- Completed reload, in  4.565 seconds
Platform modules already initialized, skipping
Registering precompiled user dll's ...
Registered in 0.000497 seconds.
Begin MonoManager ReloadAssembly
Native extension for WindowsStandalone target not found
Native extension for OSXStandalone target not found
Native extension for WebGL target not found
Refreshing native plugins compatible for Editor in 0.19 ms, found 1 plugins.
Preloading 0 native plugins for Editor in 0.00 ms.
Mono: successfully reloaded assembly
- Completed reload, in  1.591 seconds
Platform modules already initialized, skipping
========================================================================
Worker process is ready to serve import requests
Launching external process: /Applications/Unity/Hub/Editor/2020.3.9f1/Unity.app/Contents/Tools/UnityShaderCompiler
Launched and connected shader compiler UnityShaderCompiler after 0.03 seconds
Refreshing native plugins compatible for Editor in 0.18 ms, found 1 plugins.
Preloading 0 native plugins for Editor in 0.00 ms.
Unloading 1135 Unused Serialized files (Serialized files now loaded: 0)
System memory in use before: 118.8 MB.
System memory in use after: 118.9 MB.

Unloading 9 unused Assets to reduce memory usage. Loaded Objects now: 1579.
Total: 1.238250 ms (FindLiveObjects: 0.094334 ms CreateObjectMapping: 0.023916 ms MarkObjects: 1.057334 ms  DeleteObjects: 0.061917 ms)

========================================================================
Received Import Request.
  path: Assets/Scripts/Events/OnDialogueEvent.cs
  artifactKey: Guid(0f8e2394630564e638bbb204567aed61) Importer(815301076,1909f56bfc062723c751e8b465ee728b)
Start importing Assets/Scripts/Events/OnDialogueEvent.cs using Guid(0f8e2394630564e638bbb204567aed61) Importer(815301076,1909f56bfc062723c751e8b465ee728b)  -> (artifact id: 'a971adcf4d24b1bdc73d0269644c4956') in 0.255796 seconds
  Import took 0.258121 seconds .

========================================================================
Received Prepare
Registering precompiled user dll's ...
Registered in 0.000370 seconds.
Begin MonoManager ReloadAssembly
Native extension for WindowsStandalone target not found
Native extension for OSXStandalone target not found
Native extension for WebGL target not found
Refreshing native plugins compatible for Editor in 0.20 ms, found 1 plugins.
Preloading 0 native plugins for Editor in 0.00 ms.
Mono: successfully reloaded assembly
- Completed reload, in  1.605 seconds
Platform modules already initialized, skipping
Refreshing native plugins compatible for Editor in 0.18 ms, found 1 plugins.
Preloading 0 native plugins for Editor in 0.00 ms.
Unloading 1116 Unused Serialized files (Serialized files now loaded: 0)
System memory in use before: 121.8 MB.
System memory in use after: 121.9 MB.

Unloading 4 unused Assets to reduce memory usage. Loaded Objects now: 1582.
Total: 2.889542 ms (FindLiveObjects: 0.118542 ms CreateObjectMapping: 0.023458 ms MarkObjects: 2.725250 ms  DeleteObjects: 0.021250 ms)

========================================================================
Received Prepare
Registering precompiled user dll's ...
Registered in 0.000812 seconds.
Begin MonoManager ReloadAssembly
Native extension for WindowsStandalone target not found
Native extension for OSXStandalone target not found
Native extension for WebGL target not found
Refreshing native plugins compatible for Editor in 0.19 ms, found 1 plugins.
Preloading 0 native plugins for Editor in 0.00 ms.
Mono: successfully reloaded assembly
- Completed reload, in  1.663 seconds
Platform modules already initialized, skipping
Refreshing native plugins compatible for Editor in 0.18 ms, found 1 plugins.
Preloading 0 native plugins for Editor in 0.00 ms.
Unloading 1116 Unused Serialized files (Serialized files now loaded: 0)
System memory in use before: 122.0 MB.
System memory in use after: 122.1 MB.

Unloading 4 unused Assets to reduce memory usage. Loaded Objects now: 1585.
Total: 1.058667 ms (FindLiveObjects: 0.094250 ms CreateObjectMapping: 0.022333 ms MarkObjects: 0.924292 ms  DeleteObjects: 0.016959 ms)

========================================================================
Received Prepare
Registering precompiled user dll's ...
Registered in 0.000334 seconds.
Begin MonoManager ReloadAssembly
Native extension for WindowsStandalone target not found
Native extension for OSXStandalone target not found
Native extension for WebGL target not found
Refreshing native plugins compatible for Editor in 0.24 ms, found 1 plugins.
Preloading 0 native plugins for Editor in 0.00 ms.
Mono: successfully reloaded assembly
- Completed reload, in  1.670 seconds
Platform modules already initialized, skipping
Refreshing native plugins compatible for Editor in 0.18 ms, found 1 plugins.
Preloading 0 native plugins for Editor in 0.00 ms.
Unloading 1116 Unused Serialized files (Serialized files now loaded: 0)
System memory in use before: 122.2 MB.
System memory in use after: 122.3 MB.

Unloading 4 unused Assets to reduce memory usage. Loaded Objects now: 1588.
Total: 1.073917 ms (FindLiveObjects: 0.093791 ms CreateObjectMapping: 0.022750 ms MarkObjects: 0.937750 ms  DeleteObjects: 0.018833 ms)

========================================================================
Received Prepare
Registering precompiled user dll's ...
Registered in 0.001210 seconds.
Begin MonoManager ReloadAssembly
Native extension for WindowsStandalone target not found
Native extension for OSXStandalone target not found
Native extension for WebGL target not found
Refreshing native plugins compatible for Editor in 0.19 ms, found 1 plugins.
Preloading 0 native plugins for Editor in 0.00 ms.
Mono: successfully reloaded assembly
- Completed reload, in  1.605 seconds
Platform modules already initialized, skipping
Refreshing native plugins compatible for Editor in 0.17 ms, found 1 plugins.
Preloading 0 native plugins for Editor in 0.00 ms.
Unloading 1116 Unused Serialized files (Serialized files now loaded: 0)
System memory in use before: 122.5 MB.
System memory in use after: 122.6 MB.

Unloading 4 unused Assets to reduce memory usage. Loaded Objects now: 1591.
Total: 1.070834 ms (FindLiveObjects: 0.099417 ms CreateObjectMapping: 0.023291 ms MarkObjects: 0.933000 ms  DeleteObjects: 0.014417 ms)

========================================================================
Received Import Request.
  Time since last request: 340.148111 seconds.
  path: Assets/Scenes/New Scene.unity
  artifactKey: Guid(b6dd5c31251014bf4bfab92225beec11) Importer(815301076,1909f56bfc062723c751e8b465ee728b)
Start importing Assets/Scenes/New Scene.unity using Guid(b6dd5c31251014bf4bfab92225beec11) Importer(815301076,1909f56bfc062723c751e8b465ee728b)  -> (artifact id: '2a691eb59be26d3775a29db1c14b7dad') in 0.019842 seconds
  Import took 0.021662 seconds .

========================================================================
Received Import Request.
  Time since last request: 82.735270 seconds.
  path: Assets/Models
  artifactKey: Guid(4a3d3db8da376415993a851ef9a3b2df) Importer(815301076,1909f56bfc062723c751e8b465ee728b)
Start importing Assets/Models using Guid(4a3d3db8da376415993a851ef9a3b2df) Importer(815301076,1909f56bfc062723c751e8b465ee728b)  -> (artifact id: '0742c0fd1ef3d0a52a1318c206f83ed0') in 0.002444 seconds
  Import took 0.009415 seconds .

========================================================================
Received Import Request.
  Time since last request: 58.904713 seconds.
  path: Assets/Prefabs
  artifactKey: Guid(8f6ff379078044369855a43f66b0826d) Importer(815301076,1909f56bfc062723c751e8b465ee728b)
Start importing Assets/Prefabs using Guid(8f6ff379078044369855a43f66b0826d) Importer(815301076,1909f56bfc062723c751e8b465ee728b)  -> (artifact id: '2aaa06cea0710555cfe886570ee3fc3f') in 0.003550 seconds
  Import took 0.006371 seconds .

========================================================================
Received Prepare
Registering precompiled user dll's ...
Registered in 0.000335 seconds.
Begin MonoManager ReloadAssembly
Native extension for WindowsStandalone target not found
Native extension for OSXStandalone target not found
Native extension for WebGL target not found
Refreshing native plugins compatible for Editor in 0.20 ms, found 1 plugins.
Preloading 0 native plugins for Editor in 0.00 ms.
Mono: successfully reloaded assembly
- Completed reload, in  1.636 seconds
Platform modules already initialized, skipping
Refreshing native plugins compatible for Editor in 0.18 ms, found 1 plugins.
Preloading 0 native plugins for Editor in 0.00 ms.
Unloading 1116 Unused Serialized files (Serialized files now loaded: 0)
System memory in use before: 122.7 MB.
System memory in use after: 122.8 MB.

Unloading 4 unused Assets to reduce memory usage. Loaded Objects now: 1594.
Total: 1.069250 ms (FindLiveObjects: 0.105709 ms CreateObjectMapping: 0.022375 ms MarkObjects: 0.918709 ms  DeleteObjects: 0.021709 ms)

========================================================================
Received Import Request.
  Time since last request: 251.768592 seconds.
  path: Assets/Prefabs/EquipmentSMR
  artifactKey: Guid(9bff5dba478074f12889d597b981058a) Importer(815301076,1909f56bfc062723c751e8b465ee728b)
Start importing Assets/Prefabs/EquipmentSMR using Guid(9bff5dba478074f12889d597b981058a) Importer(815301076,1909f56bfc062723c751e8b465ee728b)  -> (artifact id: '910a9e79110a914deac565100adc5060') in 0.017035 seconds
  Import took 0.024182 seconds .

========================================================================
Received Import Request.
  Time since last request: 21.598931 seconds.
  path: Assets/Prefabs/EquipmentSMR/CharacterSimpleCap.prefab
  artifactKey: Guid(69b9587ddc43945b8965e3548ad31313) Importer(815301076,1909f56bfc062723c751e8b465ee728b)
Start importing Assets/Prefabs/EquipmentSMR/CharacterSimpleCap.prefab using Guid(69b9587ddc43945b8965e3548ad31313) Importer(815301076,1909f56bfc062723c751e8b465ee728b)  -> (artifact id: '7ce47d9aa556240cee437a60023c9b0b') in 0.413515 seconds
  Import took 0.415161 seconds .

========================================================================
Received Import Request.
  Time since last request: 65.212694 seconds.
  path: Assets/Prefabs/EquipmentSMR/CharacterSimpleCapSMR.prefab
  artifactKey: Guid(69b9587ddc43945b8965e3548ad31313) Importer(815301076,1909f56bfc062723c751e8b465ee728b)
Start importing Assets/Prefabs/EquipmentSMR/CharacterSimpleCapSMR.prefab using Guid(69b9587ddc43945b8965e3548ad31313) Importer(815301076,1909f56bfc062723c751e8b465ee728b)  -> (artifact id: 'bf034f7f2599007dcfacf08b59a488c9') in 0.024004 seconds
  Import took 0.025730 seconds .

========================================================================
Received Import Request.
  Time since last request: 57.297098 seconds.
  path: Assets/Prefabs/EquipmentSMR/characterSimplePanthSMR.prefab
  artifactKey: Guid(3778ba0df61484c59a510ccdf1c96909) Importer(815301076,1909f56bfc062723c751e8b465ee728b)
Start importing Assets/Prefabs/EquipmentSMR/characterSimplePanthSMR.prefab using Guid(3778ba0df61484c59a510ccdf1c96909) Importer(815301076,1909f56bfc062723c751e8b465ee728b)  -> (artifact id: '6bd5236a1b7a0312597829a09d523ca2') in 0.029850 seconds
  Import took 0.035082 seconds .

========================================================================
Received Import Request.
  Time since last request: 1.559490 seconds.
  path: Assets/Prefabs/EquipmentSMR/CharacterSimpleShirtSMR.prefab
  artifactKey: Guid(c84a77f10b4f34813b0019ca51827662) Importer(815301076,1909f56bfc062723c751e8b465ee728b)
Start importing Assets/Prefabs/EquipmentSMR/CharacterSimpleShirtSMR.prefab using Guid(c84a77f10b4f34813b0019ca51827662) Importer(815301076,1909f56bfc062723c751e8b465ee728b)  -> (artifact id: '022b15228f24233a57375063145cf72e') in 0.007659 seconds
  Import took 0.009388 seconds .

========================================================================
Received Import Request.
  Time since last request: 0.000357 seconds.
  path: Assets/Prefabs/EquipmentSMR/CharacterSimpleShirtSMR.prefab
  artifactKey: Guid(c84a77f10b4f34813b0019ca51827662) Importer(815301076,1909f56bfc062723c751e8b465ee728b)
Start importing Assets/Prefabs/EquipmentSMR/CharacterSimpleShirtSMR.prefab using Guid(c84a77f10b4f34813b0019ca51827662) Importer(815301076,1909f56bfc062723c751e8b465ee728b)  -> (artifact id: '022b15228f24233a57375063145cf72e') in 0.006408 seconds
  Import took 0.008037 seconds .

========================================================================
Received Import Request.
  Time since last request: 1.558592 seconds.
  path: Assets/Prefabs/EquipmentSMR/CharacterSimpleShoesSMR.prefab
  artifactKey: Guid(2a0eb4e5367f84927902d1a5fad53e51) Importer(815301076,1909f56bfc062723c751e8b465ee728b)
Start importing Assets/Prefabs/EquipmentSMR/CharacterSimpleShoesSMR.prefab using Guid(2a0eb4e5367f84927902d1a5fad53e51) Importer(815301076,1909f56bfc062723c751e8b465ee728b)  -> (artifact id: 'd6b74a7acc1efd11d7e5bebfb1014251') in 0.013506 seconds
  Import took 0.015238 seconds .

========================================================================
Received Import Request.
  Time since last request: 0.003350 seconds.
  path: Assets/Prefabs/EquipmentSMR/CharacterSimpleShoesSMR.prefab
  artifactKey: Guid(2a0eb4e5367f84927902d1a5fad53e51) Importer(815301076,1909f56bfc062723c751e8b465ee728b)
Start importing Assets/Prefabs/EquipmentSMR/CharacterSimpleShoesSMR.prefab using Guid(2a0eb4e5367f84927902d1a5fad53e51) Importer(815301076,1909f56bfc062723c751e8b465ee728b)  -> (artifact id: 'd6b74a7acc1efd11d7e5bebfb1014251') in 0.006508 seconds
  Import took 0.008040 seconds .

========================================================================
Received Import Request.
  Time since last request: 143.742494 seconds.
  path: Assets/Models/EscapeFromCemeteryCharacterArmorModels.fbx
  artifactKey: Guid(8fb71ec7db9754acb99b8a185aa9f8bc) Importer(815301076,1909f56bfc062723c751e8b465ee728b)
Start importing Assets/Models/EscapeFromCemeteryCharacterArmorModels.fbx using Guid(8fb71ec7db9754acb99b8a185aa9f8bc) Importer(815301076,1909f56bfc062723c751e8b465ee728b)  -> (artifact id: 'f6faa0613c571f458ffa1bfccb4adec2') in 0.491430 seconds
  Import took 0.496367 seconds .

========================================================================
Received Import Request.
  Time since last request: 355.837232 seconds.
  path: Assets/TextMesh Pro/Fonts/LiberationSans.ttf
  artifactKey: Guid(e3265ab4bf004d28a9537516768c1c75) Importer(815301076,1909f56bfc062723c751e8b465ee728b)
Start importing Assets/TextMesh Pro/Fonts/LiberationSans.ttf using Guid(e3265ab4bf004d28a9537516768c1c75) Importer(815301076,1909f56bfc062723c751e8b465ee728b)  -> (artifact id: 'a31d09850e079c4c77073532874e4c7b') in 1.040058 seconds
  Import took 1.049136 seconds .

========================================================================
Received Import Request.
  Time since last request: 0.000213 seconds.
  path: Assets/TextMesh Pro/Resources/Fonts & Materials/LiberationSans SDF - Outline.mat
  artifactKey: Guid(79459efec17a4d00a321bdcc27bbc385) Importer(815301076,1909f56bfc062723c751e8b465ee728b)
Start importing Assets/TextMesh Pro/Resources/Fonts & Materials/LiberationSans SDF - Outline.mat using Guid(79459efec17a4d00a321bdcc27bbc385) Importer(815301076,1909f56bfc062723c751e8b465ee728b)  -> (artifact id: '289988fcecf3b00d1602f8d2b589f7dd') in 0.291554 seconds
  Import took 0.294393 seconds .

========================================================================
Received Import Request.
  Time since last request: 0.000215 seconds.
  path: Assets/TextMesh Pro/Resources/Fonts & Materials/LiberationSans SDF - Fallback.asset
  artifactKey: Guid(2e498d1c8094910479dc3e1b768306a4) Importer(815301076,1909f56bfc062723c751e8b465ee728b)
Start importing Assets/TextMesh Pro/Resources/Fonts & Materials/LiberationSans SDF - Fallback.asset using Guid(2e498d1c8094910479dc3e1b768306a4) Importer(815301076,1909f56bfc062723c751e8b465ee728b)  -> (artifact id: 'b8c2210586957436df79bf961aeff06e') in 0.123885 seconds
  Import took 0.126744 seconds .

========================================================================
Received Import Request.
  Time since last request: 0.000216 seconds.
  path: Assets/TextMesh Pro/Resources/Fonts & Materials/LiberationSans SDF - Drop Shadow.mat
  artifactKey: Guid(e73a58f6e2794ae7b1b7e50b7fb811b0) Importer(815301076,1909f56bfc062723c751e8b465ee728b)
Start importing Assets/TextMesh Pro/Resources/Fonts & Materials/LiberationSans SDF - Drop Shadow.mat using Guid(e73a58f6e2794ae7b1b7e50b7fb811b0) Importer(815301076,1909f56bfc062723c751e8b465ee728b)  -> (artifact id: 'ca0d2861f60500f05bd29199894f7bb5') in 0.111217 seconds
  Import took 0.113854 seconds .

========================================================================
Received Import Request.
  Time since last request: 0.000246 seconds.
  path: Assets/TextMesh Pro/Resources/Fonts & Materials/LiberationSans SDF.asset
  artifactKey: Guid(8f586378b4e144a9851e7b34d9b748ee) Importer(815301076,1909f56bfc062723c751e8b465ee728b)
Start importing Assets/TextMesh Pro/Resources/Fonts & Materials/LiberationSans SDF.asset using Guid(8f586378b4e144a9851e7b34d9b748ee) Importer(815301076,1909f56bfc062723c751e8b465ee728b)  -> (artifact id: 'f1280cc7be10b532b2897fc8654f95d3') in 0.035773 seconds
  Import took 0.037804 seconds .

========================================================================
Received Import Request.
  Time since last request: 147.087712 seconds.
  path: Assets/Scripts/Scriptable Objects/EquipmentDataSO.cs
  artifactKey: Guid(9a0a7a36c8d8d4aa5ba9c407dea29d8b) Importer(815301076,1909f56bfc062723c751e8b465ee728b)
Start importing Assets/Scripts/Scriptable Objects/EquipmentDataSO.cs using Guid(9a0a7a36c8d8d4aa5ba9c407dea29d8b) Importer(815301076,1909f56bfc062723c751e8b465ee728b)  -> (artifact id: '43277e118a924ff550daaaf910ccdb84') in 0.004575 seconds
  Import took 0.010888 seconds .

========================================================================
Received Import Request.
  Time since last request: 0.000454 seconds.
  path: Assets/Scripts/Scriptable Objects/EquipmentDataSO.cs
  artifactKey: Guid(9a0a7a36c8d8d4aa5ba9c407dea29d8b) Importer(815301076,1909f56bfc062723c751e8b465ee728b)
Start importing Assets/Scripts/Scriptable Objects/EquipmentDataSO.cs using Guid(9a0a7a36c8d8d4aa5ba9c407dea29d8b) Importer(815301076,1909f56bfc062723c751e8b465ee728b)  -> (artifact id: '43277e118a924ff550daaaf910ccdb84') in 0.003227 seconds
  Import took 0.005739 seconds .

========================================================================
Received Prepare
Registering precompiled user dll's ...
Registered in 0.000323 seconds.
Begin MonoManager ReloadAssembly
Native extension for WindowsStandalone target not found
Native extension for OSXStandalone target not found
Native extension for WebGL target not found
Refreshing native plugins compatible for Editor in 0.25 ms, found 1 plugins.
Preloading 0 native plugins for Editor in 0.00 ms.
Mono: successfully reloaded assembly
- Completed reload, in  1.700 seconds
Platform modules already initialized, skipping
Refreshing native plugins compatible for Editor in 0.20 ms, found 1 plugins.
Preloading 0 native plugins for Editor in 0.00 ms.
Unloading 1117 Unused Serialized files (Serialized files now loaded: 0)
System memory in use before: 162.1 MB.
System memory in use after: 162.2 MB.

Unloading 4 unused Assets to reduce memory usage. Loaded Objects now: 1647.
Total: 2.542750 ms (FindLiveObjects: 0.356833 ms CreateObjectMapping: 0.025667 ms MarkObjects: 2.130375 ms  DeleteObjects: 0.028833 ms)

========================================================================
Received Import Request.
  Time since last request: 373.202388 seconds.
  path: Assets/Data/EquipmentData
  artifactKey: Guid(f215fd58bbd1c4401832b67f9f108b8d) Importer(815301076,1909f56bfc062723c751e8b465ee728b)
Start importing Assets/Data/EquipmentData using Guid(f215fd58bbd1c4401832b67f9f108b8d) Importer(815301076,1909f56bfc062723c751e8b465ee728b)  -> (artifact id: '0b7b926c23f1b644ea970107477dbba3') in 0.017111 seconds
  Import took 0.023947 seconds .

========================================================================
Received Prepare
Registering precompiled user dll's ...
Registered in 0.000338 seconds.
Begin MonoManager ReloadAssembly
Native extension for WindowsStandalone target not found
Native extension for OSXStandalone target not found
Native extension for WebGL target not found
Refreshing native plugins compatible for Editor in 0.20 ms, found 1 plugins.
Preloading 0 native plugins for Editor in 0.00 ms.
Mono: successfully reloaded assembly
- Completed reload, in  1.623 seconds
Platform modules already initialized, skipping
Refreshing native plugins compatible for Editor in 0.18 ms, found 1 plugins.
Preloading 0 native plugins for Editor in 0.00 ms.
Unloading 1117 Unused Serialized files (Serialized files now loaded: 0)
System memory in use before: 162.3 MB.
System memory in use after: 162.4 MB.

Unloading 4 unused Assets to reduce memory usage. Loaded Objects now: 1650.
Total: 2.478625 ms (FindLiveObjects: 0.385208 ms CreateObjectMapping: 0.024750 ms MarkObjects: 2.048375 ms  DeleteObjects: 0.019291 ms)

========================================================================
Received Import Request.
  Time since last request: 51.653617 seconds.
  path: Assets/Data/EquipmentData/PlayerEquipmentData.asset
  artifactKey: Guid(5cc08edda05e3495b911a4bfb9899732) Importer(815301076,1909f56bfc062723c751e8b465ee728b)
Start importing Assets/Data/EquipmentData/PlayerEquipmentData.asset using Guid(5cc08edda05e3495b911a4bfb9899732) Importer(815301076,1909f56bfc062723c751e8b465ee728b)  -> (artifact id: 'c20ada1e0517627b9255e0b3e338210c') in 0.018765 seconds
  Import took 0.020518 seconds .

========================================================================
Received Prepare
Registering precompiled user dll's ...
Registered in 0.000310 seconds.
Begin MonoManager ReloadAssembly
Native extension for WindowsStandalone target not found
Native extension for OSXStandalone target not found
Native extension for WebGL target not found
Refreshing native plugins compatible for Editor in 0.20 ms, found 1 plugins.
Preloading 0 native plugins for Editor in 0.00 ms.
Mono: successfully reloaded assembly
- Completed reload, in  1.599 seconds
Platform modules already initialized, skipping
Refreshing native plugins compatible for Editor in 0.19 ms, found 1 plugins.
Preloading 0 native plugins for Editor in 0.00 ms.
Unloading 1117 Unused Serialized files (Serialized files now loaded: 0)
System memory in use before: 162.5 MB.
System memory in use after: 162.6 MB.

Unloading 4 unused Assets to reduce memory usage. Loaded Objects now: 1653.
Total: 1.164875 ms (FindLiveObjects: 0.139458 ms CreateObjectMapping: 0.025084 ms MarkObjects: 0.980209 ms  DeleteObjects: 0.019334 ms)

========================================================================
Received Import Request.
  Time since last request: 194.357644 seconds.
  path: Assets/Data/EquipmentData/SimpleCapData.asset
  artifactKey: Guid(5cc08edda05e3495b911a4bfb9899732) Importer(815301076,1909f56bfc062723c751e8b465ee728b)
Start importing Assets/Data/EquipmentData/SimpleCapData.asset using Guid(5cc08edda05e3495b911a4bfb9899732) Importer(815301076,1909f56bfc062723c751e8b465ee728b)  -> (artifact id: 'a8ff9af1b0618a9f6ebe01c03a5aa8d5') in 0.023239 seconds
  Import took 0.025480 seconds .

========================================================================
Received Import Request.
  Time since last request: 9.943781 seconds.
  path: Assets/Data/EquipmentData/SimpleCap.asset
  artifactKey: Guid(5cc08edda05e3495b911a4bfb9899732) Importer(815301076,1909f56bfc062723c751e8b465ee728b)
Start importing Assets/Data/EquipmentData/SimpleCap.asset using Guid(5cc08edda05e3495b911a4bfb9899732) Importer(815301076,1909f56bfc062723c751e8b465ee728b)  -> (artifact id: '388cb84c6631c60644143f972c9d5b2d') in 0.009487 seconds
  Import took 0.012765 seconds .

========================================================================
Received Import Request.
  Time since last request: 14.606138 seconds.
  path: Assets/Data/EquipmentData/SimpleCap 1.asset
  artifactKey: Guid(45bc10f82b9184575bdda0edf93ce46c) Importer(815301076,1909f56bfc062723c751e8b465ee728b)
Start importing Assets/Data/EquipmentData/SimpleCap 1.asset using Guid(45bc10f82b9184575bdda0edf93ce46c) Importer(815301076,1909f56bfc062723c751e8b465ee728b)  -> (artifact id: '952fc74853da2bb9a1ee07819ca0a065') in 0.018405 seconds
  Import took 0.020419 seconds .

========================================================================
Received Import Request.
  Time since last request: 0.357812 seconds.
  path: Assets/Data/EquipmentData/SimpleCap 2.asset
  artifactKey: Guid(68c4c405db1304e6cbd6ce6d28863815) Importer(815301076,1909f56bfc062723c751e8b465ee728b)
Start importing Assets/Data/EquipmentData/SimpleCap 2.asset using Guid(68c4c405db1304e6cbd6ce6d28863815) Importer(815301076,1909f56bfc062723c751e8b465ee728b)  -> (artifact id: '8eaea95ff82ae1aad5635e08068742a0') in 0.007046 seconds
  Import took 0.009329 seconds .

========================================================================
Received Import Request.
  Time since last request: 0.604571 seconds.
  path: Assets/Data/EquipmentData/SimpleCap 3.asset
  artifactKey: Guid(2ccb6da06a73e40e8aa8fd847c8c889a) Importer(815301076,1909f56bfc062723c751e8b465ee728b)
Start importing Assets/Data/EquipmentData/SimpleCap 3.asset using Guid(2ccb6da06a73e40e8aa8fd847c8c889a) Importer(815301076,1909f56bfc062723c751e8b465ee728b)  -> (artifact id: '7da5fb6b042e96a92d769bea023b543a') in 0.004951 seconds
  Import took 0.008631 seconds .

========================================================================
Received Import Request.
  Time since last request: 11.918714 seconds.
  path: Assets/Data/EquipmentData/SimpleShirt.asset
  artifactKey: Guid(2ccb6da06a73e40e8aa8fd847c8c889a) Importer(815301076,1909f56bfc062723c751e8b465ee728b)
Start importing Assets/Data/EquipmentData/SimpleShirt.asset using Guid(2ccb6da06a73e40e8aa8fd847c8c889a) Importer(815301076,1909f56bfc062723c751e8b465ee728b)  -> (artifact id: 'aee4894960d2a55a30735c35388cdd67') in 0.006868 seconds
  Import took 0.010205 seconds .

========================================================================
Received Import Request.
  Time since last request: 0.015050 seconds.
  path: Assets/Data/EquipmentData/SimpleShirt.asset
  artifactKey: Guid(2ccb6da06a73e40e8aa8fd847c8c889a) Importer(815301076,1909f56bfc062723c751e8b465ee728b)
Start importing Assets/Data/EquipmentData/SimpleShirt.asset using Guid(2ccb6da06a73e40e8aa8fd847c8c889a) Importer(815301076,1909f56bfc062723c751e8b465ee728b)  -> (artifact id: 'aee4894960d2a55a30735c35388cdd67') in 0.004606 seconds
  Import took 0.007138 seconds .

========================================================================
Received Import Request.
  Time since last request: 5.651523 seconds.
  path: Assets/Data/EquipmentData/SimpleCap 2.asset
  artifactKey: Guid(68c4c405db1304e6cbd6ce6d28863815) Importer(815301076,1909f56bfc062723c751e8b465ee728b)
Start importing Assets/Data/EquipmentData/SimpleCap 2.asset using Guid(68c4c405db1304e6cbd6ce6d28863815) Importer(815301076,1909f56bfc062723c751e8b465ee728b)  -> (artifact id: '1ba1ce1c596b7d52adb361ea6907339a') in 0.005863 seconds
  Import took 0.008478 seconds .

========================================================================
Received Import Request.
  Time since last request: 16.541014 seconds.
  path: Assets/Data/EquipmentData/SimplePanth.asset
  artifactKey: Guid(68c4c405db1304e6cbd6ce6d28863815) Importer(815301076,1909f56bfc062723c751e8b465ee728b)
Start importing Assets/Data/EquipmentData/SimplePanth.asset using Guid(68c4c405db1304e6cbd6ce6d28863815) Importer(815301076,1909f56bfc062723c751e8b465ee728b)  -> (artifact id: '776eb7ff3fa9fa9b7b8bd3e080f28b6f') in 0.011881 seconds
  Import took 0.014987 seconds .

========================================================================
Received Import Request.
  Time since last request: 14.316796 seconds.
  path: Assets/Data/EquipmentData/SimpleCap 1.asset
  artifactKey: Guid(45bc10f82b9184575bdda0edf93ce46c) Importer(815301076,1909f56bfc062723c751e8b465ee728b)
Start importing Assets/Data/EquipmentData/SimpleCap 1.asset using Guid(45bc10f82b9184575bdda0edf93ce46c) Importer(815301076,1909f56bfc062723c751e8b465ee728b)  -> (artifact id: '01d0465468a7a836ae1d733cd9e08286') in 0.006714 seconds
  Import took 0.009051 seconds .

========================================================================
Received Import Request.
  Time since last request: 0.001770 seconds.
  path: Assets/Data/EquipmentData/SimpleCap 1.asset
  artifactKey: Guid(45bc10f82b9184575bdda0edf93ce46c) Importer(815301076,1909f56bfc062723c751e8b465ee728b)
Start importing Assets/Data/EquipmentData/SimpleCap 1.asset using Guid(45bc10f82b9184575bdda0edf93ce46c) Importer(815301076,1909f56bfc062723c751e8b465ee728b)  -> (artifact id: '01d0465468a7a836ae1d733cd9e08286') in 0.003207 seconds
  Import took 0.005034 seconds .

========================================================================
Received Import Request.
  Time since last request: 5.246500 seconds.
  path: Assets/Data/EquipmentData/SimpleShoes.asset
  artifactKey: Guid(45bc10f82b9184575bdda0edf93ce46c) Importer(815301076,1909f56bfc062723c751e8b465ee728b)
Start importing Assets/Data/EquipmentData/SimpleShoes.asset using Guid(45bc10f82b9184575bdda0edf93ce46c) Importer(815301076,1909f56bfc062723c751e8b465ee728b)  -> (artifact id: 'fef5fefec5d582b70d69e717f707627a') in 0.003348 seconds
  Import took 0.005178 seconds .

========================================================================
Received Import Request.
  Time since last request: 96.420415 seconds.
  path: Assets/Scripts/EquipmentInteractableController.cs
  artifactKey: Guid(020efa81672ad4befaf8855e0a1124a0) Importer(815301076,1909f56bfc062723c751e8b465ee728b)
Start importing Assets/Scripts/EquipmentInteractableController.cs using Guid(020efa81672ad4befaf8855e0a1124a0) Importer(815301076,1909f56bfc062723c751e8b465ee728b)  -> (artifact id: '3c4b85af48ada590dbc356226d2569c4') in 0.007149 seconds
  Import took 0.010030 seconds .

========================================================================
Received Import Request.
  Time since last request: 0.000886 seconds.
  path: Assets/Scripts/EquipmentInteractableController.cs
  artifactKey: Guid(020efa81672ad4befaf8855e0a1124a0) Importer(815301076,1909f56bfc062723c751e8b465ee728b)
Start importing Assets/Scripts/EquipmentInteractableController.cs using Guid(020efa81672ad4befaf8855e0a1124a0) Importer(815301076,1909f56bfc062723c751e8b465ee728b)  -> (artifact id: '3c4b85af48ada590dbc356226d2569c4') in 0.001959 seconds
  Import took 0.003587 seconds .

========================================================================
Received Prepare
Registering precompiled user dll's ...
Registered in 0.000270 seconds.
Begin MonoManager ReloadAssembly
Native extension for WindowsStandalone target not found
Native extension for OSXStandalone target not found
Native extension for WebGL target not found
Refreshing native plugins compatible for Editor in 0.32 ms, found 1 plugins.
Preloading 0 native plugins for Editor in 0.00 ms.
Mono: successfully reloaded assembly
- Completed reload, in  1.732 seconds
Platform modules already initialized, skipping
Refreshing native plugins compatible for Editor in 0.19 ms, found 1 plugins.
Preloading 0 native plugins for Editor in 0.00 ms.
Unloading 1118 Unused Serialized files (Serialized files now loaded: 0)
System memory in use before: 162.8 MB.
System memory in use after: 162.9 MB.

Unloading 4 unused Assets to reduce memory usage. Loaded Objects now: 1657.
Total: 1.141625 ms (FindLiveObjects: 0.124625 ms CreateObjectMapping: 0.025792 ms MarkObjects: 0.977958 ms  DeleteObjects: 0.012417 ms)

========================================================================
Received Import Request.
  Time since last request: 29.914239 seconds.
  path: ProjectSettings/TagManager.asset
  artifactKey: Guid(00000000000000003000000000000000) Importer(815301076,1909f56bfc062723c751e8b465ee728b)
Start importing ProjectSettings/TagManager.asset using Guid(00000000000000003000000000000000) Importer(815301076,1909f56bfc062723c751e8b465ee728b)  -> (artifact id: 'd9fff2abcc850d284aa2e5c7b94f4db2') in 0.046117 seconds
  Import took 0.052524 seconds .

========================================================================
Received Prepare
Registering precompiled user dll's ...
Registered in 0.000319 seconds.
Begin MonoManager ReloadAssembly
Native extension for WindowsStandalone target not found
Native extension for OSXStandalone target not found
Native extension for WebGL target not found
Refreshing native plugins compatible for Editor in 0.25 ms, found 1 plugins.
Preloading 0 native plugins for Editor in 0.00 ms.
Mono: successfully reloaded assembly
- Completed reload, in  1.672 seconds
Platform modules already initialized, skipping
Refreshing native plugins compatible for Editor in 0.19 ms, found 1 plugins.
Preloading 0 native plugins for Editor in 0.00 ms.
Unloading 1118 Unused Serialized files (Serialized files now loaded: 0)
System memory in use before: 163.0 MB.
System memory in use after: 163.1 MB.

Unloading 5 unused Assets to reduce memory usage. Loaded Objects now: 1660.
Total: 1.183458 ms (FindLiveObjects: 0.145625 ms CreateObjectMapping: 0.024833 ms MarkObjects: 0.988667 ms  DeleteObjects: 0.023375 ms)

========================================================================
Received Import Request.
  Time since last request: 126.459620 seconds.
  path: Assets/Prefabs/EquipmentInteractable
  artifactKey: Guid(bf9a4e301ae2f46d09e6e70443dc8d8c) Importer(815301076,1909f56bfc062723c751e8b465ee728b)
Start importing Assets/Prefabs/EquipmentInteractable using Guid(bf9a4e301ae2f46d09e6e70443dc8d8c) Importer(815301076,1909f56bfc062723c751e8b465ee728b)  -> (artifact id: '1dfa5f1026e26b0e0a0a2daf66535aff') in 0.004088 seconds
  Import took 0.005670 seconds .

========================================================================
Received Import Request.
  Time since last request: 6.868927 seconds.
  path: Assets/Prefabs/EquipmentInteractable/SimpleCapInteractable.prefab
  artifactKey: Guid(498a32c98dba3446398ec5d9ded4c81c) Importer(815301076,1909f56bfc062723c751e8b465ee728b)
Start importing Assets/Prefabs/EquipmentInteractable/SimpleCapInteractable.prefab using Guid(498a32c98dba3446398ec5d9ded4c81c) Importer(815301076,1909f56bfc062723c751e8b465ee728b)  -> (artifact id: 'b4459d0c4f9c43386800a148dd378465') in 0.166083 seconds
  Import took 0.169144 seconds .

========================================================================
Received Import Request.
  Time since last request: 1.344606 seconds.
  path: Assets/Prefabs/EquipmentInteractable/SimplePanthInteractable.prefab
  artifactKey: Guid(78dc8438d430e47fb808a617b45d9b52) Importer(815301076,1909f56bfc062723c751e8b465ee728b)
Start importing Assets/Prefabs/EquipmentInteractable/SimplePanthInteractable.prefab using Guid(78dc8438d430e47fb808a617b45d9b52) Importer(815301076,1909f56bfc062723c751e8b465ee728b)  -> (artifact id: '6ba01fbc1e9bb88c50723d744d8c9511') in 0.014621 seconds
  Import took 0.016412 seconds .

========================================================================
Received Import Request.
  Time since last request: 1.642863 seconds.
  path: Assets/Prefabs/EquipmentInteractable/SimpleShirtInteractable.prefab
  artifactKey: Guid(eac02518668cb4fe9ab83e75f8fb444d) Importer(815301076,1909f56bfc062723c751e8b465ee728b)
Start importing Assets/Prefabs/EquipmentInteractable/SimpleShirtInteractable.prefab using Guid(eac02518668cb4fe9ab83e75f8fb444d) Importer(815301076,1909f56bfc062723c751e8b465ee728b)  -> (artifact id: 'd154f1321ab8ee385dd533d6978c728f') in 0.007851 seconds
  Import took 0.009788 seconds .

========================================================================
Received Import Request.
  Time since last request: 1.751910 seconds.
  path: Assets/Prefabs/EquipmentInteractable/SimpleShoesInteractable .prefab
  artifactKey: Guid(d9f9b2997426a4b12a7a65c1074d2439) Importer(815301076,1909f56bfc062723c751e8b465ee728b)
Start importing Assets/Prefabs/EquipmentInteractable/SimpleShoesInteractable .prefab using Guid(d9f9b2997426a4b12a7a65c1074d2439) Importer(815301076,1909f56bfc062723c751e8b465ee728b)  -> (artifact id: '790a88a081515c819749129969c1c094') in 0.007890 seconds
  Import took 0.009784 seconds .

========================================================================
Received Import Request.
  Time since last request: 0.001929 seconds.
  path: Assets/Prefabs/EquipmentInteractable/SimpleShoesInteractable .prefab
  artifactKey: Guid(d9f9b2997426a4b12a7a65c1074d2439) Importer(815301076,1909f56bfc062723c751e8b465ee728b)
Start importing Assets/Prefabs/EquipmentInteractable/SimpleShoesInteractable .prefab using Guid(d9f9b2997426a4b12a7a65c1074d2439) Importer(815301076,1909f56bfc062723c751e8b465ee728b)  -> (artifact id: '790a88a081515c819749129969c1c094') in 0.006925 seconds
  Import took 0.008476 seconds .

========================================================================
Received Prepare
Registering precompiled user dll's ...
Registered in 0.000251 seconds.
Begin MonoManager ReloadAssembly
Native extension for WindowsStandalone target not found
Native extension for OSXStandalone target not found
Native extension for WebGL target not found
Refreshing native plugins compatible for Editor in 0.20 ms, found 1 plugins.
Preloading 0 native plugins for Editor in 0.00 ms.
Mono: successfully reloaded assembly
- Completed reload, in  1.615 seconds
Platform modules already initialized, skipping
Refreshing native plugins compatible for Editor in 0.19 ms, found 1 plugins.
Preloading 0 native plugins for Editor in 0.00 ms.
Unloading 1119 Unused Serialized files (Serialized files now loaded: 0)
System memory in use before: 163.4 MB.
System memory in use after: 163.5 MB.

Unloading 4 unused Assets to reduce memory usage. Loaded Objects now: 1665.
Total: 1.179416 ms (FindLiveObjects: 0.123500 ms CreateObjectMapping: 0.024375 ms MarkObjects: 0.998625 ms  DeleteObjects: 0.032209 ms)

